Vivado Simulator 2020.2
Copyright 1986-1999, 2001-2020 Xilinx, Inc. All Rights Reserved.
Running: C:/Xilinx/Vivado/2020.2/bin/unwrapped/win64.o/xelab.exe -wto 0c0e4d7904cf4211a2d8465b9560c44f --incr --debug typical --relax --mt 2 -L xil_defaultlib -L uvm -L unisims_ver -L unimacro_ver -L secureip --snapshot comparator_behav xil_defaultlib.comparator xil_defaultlib.glbl -log elaborate.log 
Using 2 slave threads.
Starting static elaboration
Pass Through NonSizing Optimizer
WARNING: [VRFC 10-3091] actual bit length 5 differs from formal bit length 4 for port 'ADDR' [C:/Users/seppl/assignment_1/assignment_1.srcs/sources_1/new/bubble_sort.sv:47]
WARNING: [VRFC 10-3091] actual bit length 8 differs from formal bit length 14 for port 'cnt1' [C:/Users/seppl/assignment_1/assignment_1.srcs/sources_1/new/bubble_sort.sv:78]
WARNING: [VRFC 10-3091] actual bit length 32 differs from formal bit length 1 for port 'valid' [C:/Users/seppl/assignment_1/assignment_1.srcs/sources_1/new/bubble_sort.sv:79]
WARNING: [VRFC 10-3091] actual bit length 32 differs from formal bit length 5 for port 'b' [C:/Users/seppl/assignment_1/assignment_1.srcs/sources_1/new/bubble_sort.sv:129]
WARNING: [VRFC 10-5021] port 'cnt2' is not connected on this instance [C:/Users/seppl/assignment_1/assignment_1.srcs/sources_1/new/bubble_sort.sv:77]
Completed static elaboration
Starting simulation data flow analysis
Completed simulation data flow analysis
Time Resolution for simulation is 1ps
Compiling module xil_defaultlib.Rom_16x8
Compiling module xil_defaultlib.ram
Compiling module xil_defaultlib.comp(n=8)
Compiling module xil_defaultlib.fsm_template
Compiling module xil_defaultlib.cnt_convert_14b
Compiling module xil_defaultlib.cnt_convert_7b
Compiling module xil_defaultlib.clk_divder
Compiling module xil_defaultlib.univ_sseg
Compiling module xil_defaultlib.cntr_udclr_nb(n=5)
Compiling module xil_defaultlib.rca_nb(n=5)
Compiling module xil_defaultlib.bubble_sort
Compiling module xil_defaultlib.comparator
Compiling module xil_defaultlib.glbl
Built simulation snapshot comparator_behav
