#
# A fatal error has been detected by the Java Runtime Environment:
#
#  EXCEPTION_ACCESS_VIOLATION (0xc0000005) at pc=0x00007ffe795a1049, pid=16108, tid=3616
#
# JRE version: OpenJDK Runtime Environment (11.0.2+9) (build 11.0.2+9)
# Java VM: OpenJDK 64-Bit Server VM (11.0.2+9, mixed mode, tiered, compressed oops, g1 gc, windows-amd64)
# Problematic frame:
# C  0x00007ffe795a1049
#
# No core dump will be written. Minidumps are not enabled by default on client versions of Windows
#
# If you would like to submit a bug report, please visit:
#   http://bugreport.java.com/bugreport/crash.jsp
# The crash happened outside the Java Virtual Machine in native code.
# See problematic frame for where to report the bug.
#

---------------  S U M M A R Y ------------

Command Line: -Dsun.java2d.pmoffscreen=false -Dhttps.protocols=TLSv1,TLSv1.1,TLSv1.2 -Dsun.java2d.xrender=false -Dsun.java2d.d3d=false -Dsun.awt.nopixfmt=true -Dsun.java2d.dpiaware=true -Dsun.java2d.uiScale.enabled=false -Xverify:none -Dswing.aatext=true -XX:-UsePerfData -Djdk.map.althashing.threshold=512 -XX:StringTableSize=4072 --add-opens=java.base/java.nio=ALL-UNNAMED --add-opens=java.desktop/sun.swing=ALL-UNNAMED --add-opens=java.desktop/javax.swing=ALL-UNNAMED --add-opens=java.desktop/javax.swing.tree=ALL-UNNAMED --add-opens=java.desktop/javax.swing.plaf.basic=ALL-UNNAMED --add-opens=java.desktop/javax.swing.plaf.synth=ALL-UNNAMED --add-opens=java.desktop/com.sun.awt=ALL-UNNAMED -XX:NewSize=60m -XX:MaxNewSize=60m -Xms128m -Xmx3072m -Xss5m 

Host: Intel(R) Core(TM) i7-8750H CPU @ 2.20GHz, 12 cores, 15G,  Windows 10 , 64 bit Build 22000 (10.0.22000.434)
Time: Thu Jan 13 01:53:14 2022 Pacific Standard Time elapsed time: 727 seconds (0d 0h 12m 7s)

---------------  T H R E A D  ---------------

Current thread (0x0000026b780b6000):  JavaThread "AWT-EventQueue-0" [_thread_in_native, id=3616, stack(0x0000007a9e700000,0x0000007a9ec00000)]

Stack: [0x0000007a9e700000,0x0000007a9ec00000],  sp=0x0000007a9ebf3750,  free space=5069k
Native frames: (J=compiled Java code, j=interpreted, Vv=VM code, C=native code)
C  0x00007ffe795a1049
C  0x00007ffe795b2487
C  0x00007ffe795b37c2
C  0x00007ffe7959a485
C  0x00007ffe146184b4
C  0x00007ffe14638e72
C  0x00007ffe146d34f5
C  0x00007ffe146d3419
C  0x00007ffe14704ce1
C  0x00007ffe14702426
C  0x00007ffe1475e2c1
C  0x00007ffe147603b3
C  0x00007ffe1473936d
C  0x00007ffe147393d8
C  0x00007ffe14739481
C  0x00007ffe1475f59c
C  0x00007ffe147306e5
C  0x00007ffe14730375
C  0x00007ffe1476d00f
C  0x0000026b098e962d

Java frames: (J=compiled Java code, j=interpreted, Vv=VM code)
J 17146  ui.views.waveform.waveformi.WVExecutive_getGraphicsDataSize(J)J (0 bytes) @ 0x0000026b098e9591 [0x0000026b098e9540+0x0000000000000051]
J 17145 c1 ui.views.waveform.executive.a.klK()Ljava/io/ByteArrayInputStream; (93 bytes) @ 0x0000026b039ce5ac [0x0000026b039ce4c0+0x00000000000000ec]
J 17144 c1 ui.views.waveform.b.a.klh()V (144 bytes) @ 0x0000026b039ca0b4 [0x0000026b039ca020+0x0000000000000094]
J 17087 c1 ui.views.waveform.w.aH(ZZ)V (48 bytes) @ 0x0000026b039a0e64 [0x0000026b039a0960+0x0000000000000504]
J 16699 c1 ui.views.waveform.c.b.j(Lui/frmwork/a/l;)V (605 bytes) @ 0x0000026b038abb5c [0x0000026b038a3fc0+0x0000000000007b9c]
J 16698 c1 ui.views.waveform.w.handleTclEvent(Lui/frmwork/a/l;)V (17 bytes) @ 0x0000026b038a2cbc [0x0000026b038a2be0+0x00000000000000dc]
J 13710 c1 ui.frmwork.a.o.c(Lui/frmwork/a/l;)V (61 bytes) @ 0x0000026b01d1680c [0x0000026b01d15e60+0x00000000000009ac]
J 13696 c1 ui.frmwork.E.i(JZ)V (471 bytes) @ 0x0000026b024667bc [0x0000026b02462640+0x000000000000417c]
J 13697 c1 ui.frmwork.E.fireTclEvent(J)I (113 bytes) @ 0x0000026b01e9fd14 [0x0000026b01e9f540+0x00000000000007d4]
v  ~StubRoutines::call_stub
j  ui.views.waveform.waveformi.WVExecutive_processModelEvent(JJ)V+0
j  ui.views.waveform.executive.a.gb(J)V+5
j  ui.views.waveform.c.b.ga(J)V+8
J 16699 c1 ui.views.waveform.c.b.j(Lui/frmwork/a/l;)V (605 bytes) @ 0x0000026b038ac874 [0x0000026b038a3fc0+0x00000000000088b4]
J 16698 c1 ui.views.waveform.w.handleTclEvent(Lui/frmwork/a/l;)V (17 bytes) @ 0x0000026b038a2cbc [0x0000026b038a2be0+0x00000000000000dc]
J 13710 c1 ui.frmwork.a.o.c(Lui/frmwork/a/l;)V (61 bytes) @ 0x0000026b01d1680c [0x0000026b01d15e60+0x00000000000009ac]
J 13696 c1 ui.frmwork.E.i(JZ)V (471 bytes) @ 0x0000026b024667bc [0x0000026b02462640+0x000000000000417c]
J 21010 c1 ui.frmwork.E$$Lambda$203.run()V (12 bytes) @ 0x0000026b03076c5c [0x0000026b03076b80+0x00000000000000dc]
J 15576 c2 java.awt.event.InvocationEvent.dispatch()V java.desktop@11.0.2 (69 bytes) @ 0x0000026b0973762c [0x0000026b09737440+0x00000000000001ec]
J 15752 c2 java.awt.EventQueue$4.run()Ljava/lang/Object; java.desktop@11.0.2 (5 bytes) @ 0x0000026b08c7f31c [0x0000026b08c7f260+0x00000000000000bc]
v  ~StubRoutines::call_stub
J 4148  java.security.AccessController.doPrivileged(Ljava/security/PrivilegedAction;Ljava/security/AccessControlContext;)Ljava/lang/Object; java.base@11.0.2 (0 bytes) @ 0x0000026b08cd9536 [0x0000026b08cd94c0+0x0000000000000076]
J 14821 c2 java.awt.EventQueue.dispatchEvent(Ljava/awt/AWTEvent;)V java.desktop@11.0.2 (80 bytes) @ 0x0000026b09667bcc [0x0000026b09667640+0x000000000000058c]
J 18185 c2 ui.frmwork.a.d.dispatchEvent(Ljava/awt/AWTEvent;)V (42 bytes) @ 0x0000026b09a763c0 [0x0000026b09a762a0+0x0000000000000120]
J 20695 c2 java.awt.EventDispatchThread.pumpEventsForFilter(ILjava/awt/Conditional;Ljava/awt/EventFilter;)V java.desktop@11.0.2 (47 bytes) @ 0x0000026b09d0c4c8 [0x0000026b09d0c3c0+0x0000000000000108]
j  java.awt.EventDispatchThread.pumpEventsForFilter(Ljava/awt/Conditional;Ljava/awt/EventFilter;)V+4 java.desktop@11.0.2
j  java.awt.WaitDispatchSupport$2.run()V+59 java.desktop@11.0.2
j  java.awt.WaitDispatchSupport$4.run()Ljava/lang/Void;+4 java.desktop@11.0.2
j  java.awt.WaitDispatchSupport$4.run()Ljava/lang/Object;+1 java.desktop@11.0.2
v  ~StubRoutines::call_stub
J 943  java.security.AccessController.doPrivileged(Ljava/security/PrivilegedAction;)Ljava/lang/Object; java.base@11.0.2 (0 bytes) @ 0x0000026b08aef522 [0x0000026b08aef4c0+0x0000000000000062]
j  java.awt.WaitDispatchSupport.enter()Z+260 java.desktop@11.0.2
j  java.awt.Dialog.show()V+224 java.desktop@11.0.2
J 6820 c1 java.awt.Component.setVisible(Z)V java.desktop@11.0.2 (6 bytes) @ 0x0000026b023abe64 [0x0000026b023abc60+0x0000000000000204]
j  java.awt.Window.setVisible(Z)V+2 java.desktop@11.0.2
j  java.awt.Dialog.setVisible(Z)V+2 java.desktop@11.0.2
j  ui.dlg.c.g.setVisible(Z)V+2
j  ui.dlg.c.bz.bIi()V+64
j  ui.dlg.c.bI.actionPerformed(Ljava/awt/event/ActionEvent;)V+8
j  ui.dlg.c.bz.fud()V+388
j  ui.views.c.t.b.a.run()V+60
j  ui.frmwork.cmd.a.hsT()Z+66
j  ui.frmwork.cmd.d.htb()V+42
j  ui.bm.actionPerformed(Ljava/awt/event/ActionEvent;)V+25
j  javax.swing.AbstractButton.fireActionPerformed(Ljava/awt/event/ActionEvent;)V+83 java.desktop@11.0.2
j  ui.utils.swing.b.E.fireActionPerformed(Ljava/awt/event/ActionEvent;)V+7
j  javax.swing.AbstractButton$Handler.actionPerformed(Ljava/awt/event/ActionEvent;)V+5 java.desktop@11.0.2
j  javax.swing.DefaultButtonModel.fireActionPerformed(Ljava/awt/event/ActionEvent;)V+34 java.desktop@11.0.2
j  javax.swing.DefaultButtonModel.setPressed(Z)V+117 java.desktop@11.0.2
j  javax.swing.plaf.basic.BasicButtonListener.mouseReleased(Ljava/awt/event/MouseEvent;)V+35 java.desktop@11.0.2
j  com.jidesoft.plaf.basic.BasicJideButtonListener.mouseReleased(Ljava/awt/event/MouseEvent;)V+61
J 20556 c1 java.awt.AWTEventMulticaster.mouseReleased(Ljava/awt/event/MouseEvent;)V java.desktop@11.0.2 (27 bytes) @ 0x0000026b02898d2c [0x0000026b02898b00+0x000000000000022c]
J 20556 c1 java.awt.AWTEventMulticaster.mouseReleased(Ljava/awt/event/MouseEvent;)V java.desktop@11.0.2 (27 bytes) @ 0x0000026b02898d2c [0x0000026b02898b00+0x000000000000022c]
J 20556 c1 java.awt.AWTEventMulticaster.mouseReleased(Ljava/awt/event/MouseEvent;)V java.desktop@11.0.2 (27 bytes) @ 0x0000026b02898d2c [0x0000026b02898b00+0x000000000000022c]
J 20556 c1 java.awt.AWTEventMulticaster.mouseReleased(Ljava/awt/event/MouseEvent;)V java.desktop@11.0.2 (27 bytes) @ 0x0000026b02898d2c [0x0000026b02898b00+0x000000000000022c]
J 16324 c1 java.awt.Component.processMouseEvent(Ljava/awt/event/MouseEvent;)V java.desktop@11.0.2 (100 bytes) @ 0x0000026b029f793c [0x0000026b029f74c0+0x000000000000047c]
J 16326 c1 javax.swing.JComponent.processMouseEvent(Ljava/awt/event/MouseEvent;)V java.desktop@11.0.2 (27 bytes) @ 0x0000026b0248d4f4 [0x0000026b0248d2e0+0x0000000000000214]
J 14763 c2 java.awt.Container.processEvent(Ljava/awt/AWTEvent;)V java.desktop@11.0.2 (22 bytes) @ 0x0000026b0965a0d4 [0x0000026b09659fa0+0x0000000000000134]
J 20898 c2 java.awt.Component.dispatchEventImpl(Ljava/awt/AWTEvent;)V java.desktop@11.0.2 (777 bytes) @ 0x0000026b09d57844 [0x0000026b09d56c80+0x0000000000000bc4]
J 18073 c2 java.awt.Container.dispatchEventImpl(Ljava/awt/AWTEvent;)V java.desktop@11.0.2 (129 bytes) @ 0x0000026b09a211b8 [0x0000026b09a21160+0x0000000000000058]
J 18164 c2 java.awt.LightweightDispatcher.retargetMouseEvent(Ljava/awt/Component;ILjava/awt/event/MouseEvent;)V java.desktop@11.0.2 (372 bytes) @ 0x0000026b09a5d5a8 [0x0000026b09a5d180+0x0000000000000428]
J 18371 c2 java.awt.LightweightDispatcher.processMouseEvent(Ljava/awt/event/MouseEvent;)Z java.desktop@11.0.2 (265 bytes) @ 0x0000026b09acab94 [0x0000026b09aca0e0+0x0000000000000ab4]
J 18073 c2 java.awt.Container.dispatchEventImpl(Ljava/awt/AWTEvent;)V java.desktop@11.0.2 (129 bytes) @ 0x0000026b09a214cc [0x0000026b09a21160+0x000000000000036c]
J 17091 c2 java.awt.Window.dispatchEventImpl(Ljava/awt/AWTEvent;)V java.desktop@11.0.2 (23 bytes) @ 0x0000026b098dfd8c [0x0000026b098dfd40+0x000000000000004c]
J 15752 c2 java.awt.EventQueue$4.run()Ljava/lang/Object; java.desktop@11.0.2 (5 bytes) @ 0x0000026b08c7f3b0 [0x0000026b08c7f260+0x0000000000000150]
v  ~StubRoutines::call_stub
J 4148  java.security.AccessController.doPrivileged(Ljava/security/PrivilegedAction;Ljava/security/AccessControlContext;)Ljava/lang/Object; java.base@11.0.2 (0 bytes) @ 0x0000026b08cd9536 [0x0000026b08cd94c0+0x0000000000000076]
J 16623 c2 java.awt.EventQueue$5.run()Ljava/lang/Object; java.desktop@11.0.2 (5 bytes) @ 0x0000026b0982ac74 [0x0000026b0982aa00+0x0000000000000274]
v  ~StubRoutines::call_stub
J 4148  java.security.AccessController.doPrivileged(Ljava/security/PrivilegedAction;Ljava/security/AccessControlContext;)Ljava/lang/Object; java.base@11.0.2 (0 bytes) @ 0x0000026b08cd9536 [0x0000026b08cd94c0+0x0000000000000076]
J 14821 c2 java.awt.EventQueue.dispatchEvent(Ljava/awt/AWTEvent;)V java.desktop@11.0.2 (80 bytes) @ 0x0000026b096679e8 [0x0000026b09667640+0x00000000000003a8]
J 18185 c2 ui.frmwork.a.d.dispatchEvent(Ljava/awt/AWTEvent;)V (42 bytes) @ 0x0000026b09a763c0 [0x0000026b09a762a0+0x0000000000000120]
J 20287% c2 java.awt.EventDispatchThread.pumpEventsForFilter(ILjava/awt/Conditional;Ljava/awt/EventFilter;)V java.desktop@11.0.2 (47 bytes) @ 0x0000026b098d7384 [0x0000026b098d71c0+0x00000000000001c4]
j  java.awt.EventDispatchThread.pumpEventsForHierarchy(ILjava/awt/Conditional;Ljava/awt/Component;)V+11 java.desktop@11.0.2
j  java.awt.EventDispatchThread.pumpEvents(ILjava/awt/Conditional;)V+4 java.desktop@11.0.2
j  java.awt.EventDispatchThread.pumpEvents(Ljava/awt/Conditional;)V+3 java.desktop@11.0.2
j  java.awt.EventDispatchThread.run()V+9 java.desktop@11.0.2
v  ~StubRoutines::call_stub

siginfo: EXCEPTION_ACCESS_VIOLATION (0xc0000005), reading address 0x0000000000000044


Register to memory mapping:

RIP=0x00007ffe795a1049 points into unknown readable memory: 83 79 44 00 75 07 33
RAX=0x00002ba18f5bce9e is an unknown value
RBX=0x0000026b62eb7350 points into unknown readable memory: d0 61 eb 62 6b 02 00 00
RCX=0x0 is NULL
RDX=0x0000026b78851960 points into unknown readable memory: c0 4b 5c 79 fe 7f 00 00
RSP=0x0000007a9ebf3750 is pointing into the stack for thread: 0x0000026b780b6000
RBP=0x0 is NULL
RSI=0x0000026b78851960 points into unknown readable memory: c0 4b 5c 79 fe 7f 00 00
RDI=0x0 is NULL
R8 =0x0000007a9ebf37e0 is pointing into the stack for thread: 0x0000026b780b6000
R9 =0x0000000000000018 is an unknown value
R10=0x0 is NULL
R11=0x0008000000000004 is an unknown value
R12=0x0000000000000001 is an unknown value
R13=0x00007ffe795c8e50 points into unknown readable memory: d0 2f 5a 79 fe 7f 00 00
R14=0x0000026b10d69460 points into unknown readable memory: 60 19 85 78 6b 02 00 00
R15=0x0000007a9ebf37e0 is pointing into the stack for thread: 0x0000026b780b6000


Registers:
RAX=0x00002ba18f5bce9e, RBX=0x0000026b62eb7350, RCX=0x0000000000000000, RDX=0x0000026b78851960
RSP=0x0000007a9ebf3750, RBP=0x0000000000000000, RSI=0x0000026b78851960, RDI=0x0000000000000000
R8 =0x0000007a9ebf37e0, R9 =0x0000000000000018, R10=0x0000000000000000, R11=0x0008000000000004
R12=0x0000000000000001, R13=0x00007ffe795c8e50, R14=0x0000026b10d69460, R15=0x0000007a9ebf37e0
RIP=0x00007ffe795a1049, EFLAGS=0x0000000000010206

Top of Stack: (sp=0x0000007a9ebf3750)
0x0000007a9ebf3750:   00007ffe14929920 0000007a9ebf3af0
0x0000007a9ebf3760:   0000007a9ebf3bb0 0000007a9ebf4170
0x0000007a9ebf3770:   0000002280000029 0000000000000000
0x0000007a9ebf3780:   fffffffffffffffe 000000000000000f
0x0000007a9ebf3790:   00007ffebaf94520 0000007a9ebf38d8
0x0000007a9ebf37a0:   0000026b2439eb50 0000026b10d69460
0x0000007a9ebf37b0:   0000026b10d69460 00007ffe795b2487
0x0000007a9ebf37c0:   0000007a9ebf4b20 0000026b62eb7350
0x0000007a9ebf37d0:   0000026b10c1c3c0 0000000000000000
0x0000007a9ebf37e0:   0000000000000000 0000000000000000
0x0000007a9ebf37f0:   0000000000000000 0000000000000000
0x0000007a9ebf3800:   0000000000000000 0000007a9ebf4d90
0x0000007a9ebf3810:   0000cfdb57ac4c77 00007ffe14929920
0x0000007a9ebf3820:   0000007a9ebf4b20 00007ffebaf92bf5
0x0000007a9ebf3830:   0000007a9ebf4b20 0000007a9ebf39c8
0x0000007a9ebf3840:   00007ffe14929920 00007ffe14a86188 

Instructions: (pc=0x00007ffe795a1049)
0x00007ffe795a1029:   50 48 c7 44 24 30 fe ff ff ff 48 89 5c 24 78 48
0x00007ffe795a1039:   89 b4 24 80 00 00 00 4d 8b f8 48 8b f2 48 8b f9
0x00007ffe795a1049:   83 79 44 00 75 07 33 c0 e9 d1 00 00 00 48 8b 41
0x00007ffe795a1059:   48 8b 10 48 03 51 28 48 8d 4c 24 38 e8 66 eb ff 


Stack slot to memory mapping:
stack at sp + 0 slots: 0x00007ffe14929920 points into unknown readable memory: 22 05 93 19 04 00 00 00
stack at sp + 1 slots: 0x0000007a9ebf3af0 is pointing into the stack for thread: 0x0000026b780b6000
stack at sp + 2 slots: 0x0000007a9ebf3bb0 is pointing into the stack for thread: 0x0000026b780b6000
stack at sp + 3 slots: 0x0000007a9ebf4170 is pointing into the stack for thread: 0x0000026b780b6000
stack at sp + 4 slots: 0x0000002280000029 is an unknown value
stack at sp + 5 slots: 0x0 is NULL
stack at sp + 6 slots: 0xfffffffffffffffe is an unknown value
stack at sp + 7 slots: 0x000000000000000f is an unknown value


---------------  P R O C E S S  ---------------

Threads class SMR info:
_java_thread_list=0x0000026b10db07c0, length=35, elements={
0x0000026b7bf3e800, 0x0000026b5ec4a800, 0x0000026b5ec4b000, 0x0000026b7bcf3000,
0x0000026b1e4bd800, 0x0000026b1e4be000, 0x0000026b1d1c0000, 0x0000026b1d1c6800,
0x0000026b1e1e9800, 0x0000026b1e1d2000, 0x0000026b63174000, 0x0000026b1e27a800,
0x0000026b630bb000, 0x0000026b63155000, 0x0000026b780b6000, 0x0000026b7706d000,
0x0000026b7678a000, 0x0000026b77b2d000, 0x0000026b764b4000, 0x0000026b764b0000,
0x0000026b764b5800, 0x0000026b764b1800, 0x0000026b11007800, 0x0000026b1100c800,
0x0000026b1100c000, 0x0000026b1100d800, 0x0000026b764b2000, 0x0000026b764b0800,
0x0000026b25a36000, 0x0000026b25a32000, 0x0000026b25a38800, 0x0000026b25a37800,
0x0000026b25a33800, 0x0000026b25a39800, 0x0000026b25a33000
}

Java Threads: ( => current thread )
  0x0000026b7bf3e800 JavaThread "main" [_thread_blocked, id=11244, stack(0x0000007a98800000,0x0000007a98900000)]
  0x0000026b5ec4a800 JavaThread "Reference Handler" daemon [_thread_blocked, id=18460, stack(0x0000007a9a600000,0x0000007a9ab00000)]
  0x0000026b5ec4b000 JavaThread "Finalizer" daemon [_thread_blocked, id=21396, stack(0x0000007a9ab00000,0x0000007a9b000000)]
  0x0000026b7bcf3000 JavaThread "Signal Dispatcher" daemon [_thread_blocked, id=21376, stack(0x0000007a9b000000,0x0000007a9b500000)]
  0x0000026b1e4bd800 JavaThread "Attach Listener" daemon [_thread_blocked, id=1716, stack(0x0000007a9b500000,0x0000007a9ba00000)]
  0x0000026b1e4be000 JavaThread "C2 CompilerThread0" daemon [_thread_blocked, id=556, stack(0x0000007a9ba00000,0x0000007a9bb00000)]
  0x0000026b1d1c0000 JavaThread "C1 CompilerThread0" daemon [_thread_blocked, id=22392, stack(0x0000007a9bb00000,0x0000007a9bc00000)]
  0x0000026b1d1c6800 JavaThread "Sweeper thread" daemon [_thread_blocked, id=1632, stack(0x0000007a9bc00000,0x0000007a9c100000)]
  0x0000026b1e1e9800 JavaThread "Common-Cleaner" daemon [_thread_blocked, id=22812, stack(0x0000007a9c100000,0x0000007a9c600000)]
  0x0000026b1e1d2000 JavaThread "Service Thread" daemon [_thread_blocked, id=8864, stack(0x0000007a9c600000,0x0000007a9cb00000)]
  0x0000026b63174000 JavaThread "Java2D Disposer" daemon [_thread_blocked, id=11708, stack(0x0000007a9cc00000,0x0000007a9d100000)]
  0x0000026b1e27a800 JavaThread "AWT-Shutdown" [_thread_blocked, id=7272, stack(0x0000007a9d100000,0x0000007a9d600000)]
  0x0000026b630bb000 JavaThread "AWT-Windows" daemon [_thread_in_native, id=22460, stack(0x0000007a9d600000,0x0000007a9db00000)]
  0x0000026b63155000 JavaThread "TimerQueue" daemon [_thread_blocked, id=13272, stack(0x0000007a9dc00000,0x0000007a9e100000)]
=>0x0000026b780b6000 JavaThread "AWT-EventQueue-0" [_thread_in_native, id=3616, stack(0x0000007a9e700000,0x0000007a9ec00000)]
  0x0000026b7706d000 JavaThread "Thread-1" [_thread_in_native, id=22552, stack(0x0000007a98900000,0x0000007a99d00000)]
  0x0000026b7678a000 JavaThread "Process Messages Thread" [_thread_blocked, id=10044, stack(0x0000007a9f100000,0x0000007a9f600000)]
  0x0000026b77b2d000 JavaThread "Batik CleanerThread" daemon [_thread_blocked, id=16788, stack(0x0000007a9ec00000,0x0000007a9f100000)]
  0x0000026b764b4000 JavaThread "SyntheticaCleanerThread" daemon [_thread_blocked, id=18896, stack(0x0000007aa0800000,0x0000007aa0d00000)]
  0x0000026b764b0000 JavaThread "Monitor HEventQueue Thread" [_thread_blocked, id=13660, stack(0x0000007aa1000000,0x0000007aa1500000)]
  0x0000026b764b5800 JavaThread "SyntheticaAnimation 50" daemon [_thread_blocked, id=13304, stack(0x0000007aa1500000,0x0000007aa1a00000)]
  0x0000026b764b1800 JavaThread "SyntheticaAnimation 25" daemon [_thread_blocked, id=23056, stack(0x0000007aa1b00000,0x0000007aa2000000)]
  0x0000026b11007800 JavaThread "SyntheticaAnimation 70" daemon [_thread_blocked, id=3140, stack(0x0000007aa2500000,0x0000007aa2a00000)]
  0x0000026b1100c800 JavaThread "Refresh Filesets Swing Worker Thread" [_thread_blocked, id=22412, stack(0x0000007aa0200000,0x0000007aa0700000)]
  0x0000026b1100c000 JavaThread "hw_ila_monitor" [_thread_blocked, id=9676, stack(0x0000007a9e100000,0x0000007a9e600000)]
  0x0000026b1100d800 JavaThread "pool-2-thread-1" [_thread_blocked, id=15576, stack(0x0000007aa3400000,0x0000007aa3900000)]
  0x0000026b764b2000 JavaThread "pool-3-thread-1" [_thread_blocked, id=20568, stack(0x0000007aa3900000,0x0000007aa3e00000)]
  0x0000026b764b0800 JavaThread "pool-4-thread-1" [_thread_blocked, id=7080, stack(0x0000007aa3e00000,0x0000007aa4300000)]
  0x0000026b25a36000 JavaThread "Update Runs Swing Worker Thread" [_thread_blocked, id=16208, stack(0x0000007aa4800000,0x0000007aa4d00000)]
  0x0000026b25a32000 JavaThread "SyntheticaAnimation 50" daemon [_thread_blocked, id=19024, stack(0x0000007aa2a00000,0x0000007aa2f00000)]
  0x0000026b25a38800 JavaThread "Timer-0" [_thread_blocked, id=12860, stack(0x0000007aa2f00000,0x0000007aa3400000)]
  0x0000026b25a37800 JavaThread "Monitor File Timestamp Swing Worker Thread" [_thread_blocked, id=12248, stack(0x0000007aa4d00000,0x0000007aa5200000)]
  0x0000026b25a33800 JavaThread "SyntheticaAnimation 50" daemon [_thread_blocked, id=17344, stack(0x0000007aa5700000,0x0000007aa5c00000)]
  0x0000026b25a39800 JavaThread "Image Animator 0" daemon [_thread_blocked, id=22096, stack(0x0000007aa6600000,0x0000007aa6b00000)]
  0x0000026b25a33000 JavaThread "Relaunch Simulation Thread" [_thread_blocked, id=16492, stack(0x0000007aa4300000,0x0000007aa4800000)]

Other Threads:
  0x0000026b5e8d5800 VMThread "VM Thread" [stack: 0x0000007a9a500000,0x0000007a9a600000] [id=8088]
  0x0000026b1e247000 WatcherThread [stack: 0x0000007a9cb00000,0x0000007a9cc00000] [id=16728]
  0x0000026b7bf3f800 GCTaskThread "GC Thread#0" [stack: 0x0000007a9a000000,0x0000007a9a100000] [id=23024]
  0x0000026b76f18000 GCTaskThread "GC Thread#1" [stack: 0x0000007a9f600000,0x0000007a9f700000] [id=23292]
  0x0000026b764bc000 GCTaskThread "GC Thread#2" [stack: 0x0000007a9f700000,0x0000007a9f800000] [id=1192]
  0x0000026b7706b800 GCTaskThread "GC Thread#3" [stack: 0x0000007a9f800000,0x0000007a9f900000] [id=7248]
  0x0000026b76785000 GCTaskThread "GC Thread#4" [stack: 0x0000007a9f900000,0x0000007a9fa00000] [id=21472]
  0x0000026b766a9800 GCTaskThread "GC Thread#5" [stack: 0x0000007a9fa00000,0x0000007a9fb00000] [id=19828]
  0x0000026b76aeb800 GCTaskThread "GC Thread#6" [stack: 0x0000007a9fb00000,0x0000007a9fc00000] [id=14432]
  0x0000026b76aec000 GCTaskThread "GC Thread#7" [stack: 0x0000007a9fc00000,0x0000007a9fd00000] [id=15632]
  0x0000026b76ea4800 GCTaskThread "GC Thread#8" [stack: 0x0000007a9fd00000,0x0000007a9fe00000] [id=6064]
  0x0000026b770f6000 GCTaskThread "GC Thread#9" [stack: 0x0000007a9fe00000,0x0000007a9ff00000] [id=1544]
  0x0000026b1e0cb000 ConcurrentGCThread "G1 Main Marker" [stack: 0x0000007a9a100000,0x0000007a9a200000] [id=10504]
  0x0000026b1dc36800 ConcurrentGCThread "G1 Conc#0" [stack: 0x0000007a9a200000,0x0000007a9a300000] [id=10360]
  0x0000026b77c17000 ConcurrentGCThread "G1 Conc#1" [stack: 0x0000007aa0000000,0x0000007aa0100000] [id=5148]
  0x0000026b766dd800 ConcurrentGCThread "G1 Conc#2" [stack: 0x0000007aa0100000,0x0000007aa0200000] [id=20200]
  0x0000026b1c51e800 ConcurrentGCThread "G1 Refine#0" [stack: 0x0000007a9a300000,0x0000007a9a400000] [id=20844]
  0x0000026b76cb6800 ConcurrentGCThread "G1 Refine#1" [stack: 0x0000007a9ff00000,0x0000007aa0000000] [id=22904]
  0x0000026b76f60800 ConcurrentGCThread "G1 Refine#2" [stack: 0x0000007aa0700000,0x0000007aa0800000] [id=10544]
  0x0000026b10636800 ConcurrentGCThread "G1 Refine#3" [stack: 0x0000007aa1a00000,0x0000007aa1b00000] [id=12380]
  0x0000026b1ac58800 ConcurrentGCThread "G1 Young RemSet Sampling" [stack: 0x0000007a9a400000,0x0000007a9a500000] [id=15700]

Threads with active compile tasks:

VM state:not at safepoint (normal execution)

VM Mutex/Monitor currently owned by a thread: None

Heap address: 0x0000000740000000, size: 3072 MB, Compressed Oops mode: Zero based, Oop shift amount: 3
Narrow klass base: 0x0000000800000000, Narrow klass shift: 0
Compressed class space size: 1073741824 Address: 0x0000000800000000

Heap:
 garbage-first heap   total 290816K, used 125621K [0x0000000740000000, 0x0000000800000000)
  region size 1024K, 39 young (39936K), 0 survivors (0K)
 Metaspace       used 95385K, capacity 97884K, committed 98204K, reserved 1132544K
  class space    used 13086K, capacity 14250K, committed 14336K, reserved 1048576K
Heap Regions: E=young(eden), S=young(survivor), O=old, HS=humongous(starts), HC=humongous(continues), CS=collection set, F=free, A=archive, TAMS=top-at-mark-start (previous, next)
|   0|0x0000000740000000, 0x0000000740100000, 0x0000000740100000|100%|HS|  |TAMS 0x0000000740000000, 0x0000000740000000| Untracked 
|   1|0x0000000740100000, 0x0000000740200000, 0x0000000740200000|100%|HC|  |TAMS 0x0000000740100000, 0x0000000740100000| Untracked 
|   2|0x0000000740200000, 0x0000000740300000, 0x0000000740300000|100%|HS|  |TAMS 0x0000000740200000, 0x0000000740200000| Untracked 
|   3|0x0000000740300000, 0x00000007403ffff8, 0x0000000740400000| 99%| O|  |TAMS 0x0000000740300000, 0x0000000740300000| Untracked 
|   4|0x0000000740400000, 0x00000007404ffff0, 0x0000000740500000| 99%| O|  |TAMS 0x0000000740400000, 0x0000000740400000| Untracked 
|   5|0x0000000740500000, 0x00000007405ffff0, 0x0000000740600000| 99%| O|  |TAMS 0x0000000740500000, 0x0000000740500000| Untracked 
|   6|0x0000000740600000, 0x00000007406ffff0, 0x0000000740700000| 99%| O|  |TAMS 0x0000000740600000, 0x0000000740600000| Untracked 
|   7|0x0000000740700000, 0x00000007407ffff0, 0x0000000740800000| 99%| O|  |TAMS 0x0000000740700000, 0x0000000740700000| Untracked 
|   8|0x0000000740800000, 0x00000007408ffff8, 0x0000000740900000| 99%| O|  |TAMS 0x0000000740800000, 0x0000000740800000| Untracked 
|   9|0x0000000740900000, 0x00000007409ffff0, 0x0000000740a00000| 99%| O|  |TAMS 0x0000000740900000, 0x0000000740900000| Untracked 
|  10|0x0000000740a00000, 0x0000000740affff8, 0x0000000740b00000| 99%| O|  |TAMS 0x0000000740a00000, 0x0000000740a00000| Untracked 
|  11|0x0000000740b00000, 0x0000000740c00000, 0x0000000740c00000|100%| O|  |TAMS 0x0000000740b00000, 0x0000000740b00000| Untracked 
|  12|0x0000000740c00000, 0x0000000740cffff8, 0x0000000740d00000| 99%| O|  |TAMS 0x0000000740c00000, 0x0000000740c00000| Untracked 
|  13|0x0000000740d00000, 0x0000000740e00000, 0x0000000740e00000|100%| O|  |TAMS 0x0000000740d00000, 0x0000000740d00000| Untracked 
|  14|0x0000000740e00000, 0x0000000740eff900, 0x0000000740f00000| 99%| O|  |TAMS 0x0000000740e00000, 0x0000000740e00000| Untracked 
|  15|0x0000000740f00000, 0x0000000741000000, 0x0000000741000000|100%| O|  |TAMS 0x0000000740f00000, 0x0000000740f00000| Untracked 
|  16|0x0000000741000000, 0x0000000741100000, 0x0000000741100000|100%| O|  |TAMS 0x0000000741000000, 0x0000000741000000| Untracked 
|  17|0x0000000741100000, 0x0000000741200000, 0x0000000741200000|100%| O|  |TAMS 0x0000000741100000, 0x0000000741100000| Untracked 
|  18|0x0000000741200000, 0x00000007412fffb8, 0x0000000741300000| 99%| O|  |TAMS 0x0000000741200000, 0x0000000741200000| Untracked 
|  19|0x0000000741300000, 0x0000000741400000, 0x0000000741400000|100%| O|  |TAMS 0x0000000741300000, 0x0000000741300000| Untracked 
|  20|0x0000000741400000, 0x00000007414ffff8, 0x0000000741500000| 99%| O|  |TAMS 0x0000000741400000, 0x0000000741400000| Untracked 
|  21|0x0000000741500000, 0x00000007415ffff0, 0x0000000741600000| 99%| O|  |TAMS 0x0000000741500000, 0x0000000741500000| Untracked 
|  22|0x0000000741600000, 0x0000000741700000, 0x0000000741700000|100%| O|  |TAMS 0x0000000741600000, 0x0000000741600000| Untracked 
|  23|0x0000000741700000, 0x0000000741800000, 0x0000000741800000|100%| O|  |TAMS 0x0000000741700000, 0x0000000741700000| Untracked 
|  24|0x0000000741800000, 0x00000007418ffff8, 0x0000000741900000| 99%| O|  |TAMS 0x0000000741800000, 0x0000000741800000| Untracked 
|  25|0x0000000741900000, 0x00000007419ffff0, 0x0000000741a00000| 99%| O|  |TAMS 0x0000000741900000, 0x0000000741900000| Untracked 
|  26|0x0000000741a00000, 0x0000000741afffe8, 0x0000000741b00000| 99%| O|  |TAMS 0x0000000741a00000, 0x0000000741a00000| Untracked 
|  27|0x0000000741b00000, 0x0000000741bffff8, 0x0000000741c00000| 99%| O|  |TAMS 0x0000000741b00000, 0x0000000741b00000| Untracked 
|  28|0x0000000741c00000, 0x0000000741cffff8, 0x0000000741d00000| 99%| O|  |TAMS 0x0000000741c00000, 0x0000000741c00000| Untracked 
|  29|0x0000000741d00000, 0x0000000741dffff0, 0x0000000741e00000| 99%| O|  |TAMS 0x0000000741d00000, 0x0000000741d00000| Untracked 
|  30|0x0000000741e00000, 0x0000000741effff8, 0x0000000741f00000| 99%| O|  |TAMS 0x0000000741e00000, 0x0000000741e00000| Untracked 
|  31|0x0000000741f00000, 0x0000000741fffff0, 0x0000000742000000| 99%| O|  |TAMS 0x0000000741f00000, 0x0000000741f00000| Untracked 
|  32|0x0000000742000000, 0x00000007420ffff8, 0x0000000742100000| 99%| O|  |TAMS 0x0000000742000000, 0x0000000742000000| Untracked 
|  33|0x0000000742100000, 0x0000000742200000, 0x0000000742200000|100%| O|  |TAMS 0x0000000742100000, 0x0000000742100000| Untracked 
|  34|0x0000000742200000, 0x0000000742300000, 0x0000000742300000|100%| O|  |TAMS 0x0000000742200000, 0x0000000742200000| Untracked 
|  35|0x0000000742300000, 0x00000007423ffff8, 0x0000000742400000| 99%| O|  |TAMS 0x0000000742300000, 0x0000000742300000| Untracked 
|  36|0x0000000742400000, 0x0000000742500000, 0x0000000742500000|100%| O|  |TAMS 0x0000000742400000, 0x0000000742400000| Untracked 
|  37|0x0000000742500000, 0x00000007425ffff8, 0x0000000742600000| 99%| O|  |TAMS 0x0000000742500000, 0x0000000742500000| Untracked 
|  38|0x0000000742600000, 0x00000007426ffff8, 0x0000000742700000| 99%| O|  |TAMS 0x0000000742600000, 0x0000000742600000| Untracked 
|  39|0x0000000742700000, 0x0000000742800000, 0x0000000742800000|100%| O|  |TAMS 0x0000000742700000, 0x0000000742700000| Untracked 
|  40|0x0000000742800000, 0x0000000742900000, 0x0000000742900000|100%| O|  |TAMS 0x0000000742800000, 0x0000000742800000| Untracked 
|  41|0x0000000742900000, 0x0000000742a00000, 0x0000000742a00000|100%| O|  |TAMS 0x0000000742900000, 0x0000000742900000| Untracked 
|  42|0x0000000742a00000, 0x0000000742b00000, 0x0000000742b00000|100%|HS|  |TAMS 0x0000000742a00000, 0x0000000742a00000| Untracked 
|  43|0x0000000742b00000, 0x0000000742c00000, 0x0000000742c00000|100%|HC|  |TAMS 0x0000000742b00000, 0x0000000742b00000| Untracked 
|  44|0x0000000742c00000, 0x0000000742d00000, 0x0000000742d00000|100%|HC|  |TAMS 0x0000000742c00000, 0x0000000742c00000| Untracked 
|  45|0x0000000742d00000, 0x0000000742e00000, 0x0000000742e00000|100%|HC|  |TAMS 0x0000000742d00000, 0x0000000742d00000| Untracked 
|  46|0x0000000742e00000, 0x0000000742f00000, 0x0000000742f00000|100%|HC|  |TAMS 0x0000000742e00000, 0x0000000742e00000| Untracked 
|  47|0x0000000742f00000, 0x0000000743000000, 0x0000000743000000|100%|HC|  |TAMS 0x0000000742f00000, 0x0000000742f00000| Untracked 
|  48|0x0000000743000000, 0x0000000743100000, 0x0000000743100000|100%|HC|  |TAMS 0x0000000743000000, 0x0000000743000000| Untracked 
|  49|0x0000000743100000, 0x0000000743200000, 0x0000000743200000|100%|HC|  |TAMS 0x0000000743100000, 0x0000000743100000| Untracked 
|  50|0x0000000743200000, 0x0000000743300000, 0x0000000743300000|100%| O|  |TAMS 0x0000000743200000, 0x0000000743200000| Untracked 
|  51|0x0000000743300000, 0x00000007433ffff8, 0x0000000743400000| 99%| O|  |TAMS 0x0000000743300000, 0x0000000743300000| Untracked 
|  52|0x0000000743400000, 0x00000007434ffff0, 0x0000000743500000| 99%| O|  |TAMS 0x0000000743400000, 0x0000000743400000| Untracked 
|  53|0x0000000743500000, 0x0000000743600000, 0x0000000743600000|100%| O|  |TAMS 0x0000000743500000, 0x0000000743500000| Untracked 
|  54|0x0000000743600000, 0x00000007436ffff8, 0x0000000743700000| 99%| O|  |TAMS 0x0000000743600000, 0x0000000743600000| Untracked 
|  55|0x0000000743700000, 0x00000007437ffff8, 0x0000000743800000| 99%| O|  |TAMS 0x0000000743700000, 0x0000000743700000| Untracked 
|  56|0x0000000743800000, 0x00000007438ffff8, 0x0000000743900000| 99%| O|  |TAMS 0x0000000743800000, 0x0000000743800000| Untracked 
|  57|0x0000000743900000, 0x00000007439ffff0, 0x0000000743a00000| 99%| O|  |TAMS 0x0000000743900000, 0x0000000743900000| Untracked 
|  58|0x0000000743a00000, 0x0000000743affff0, 0x0000000743b00000| 99%| O|  |TAMS 0x0000000743a00000, 0x0000000743a00000| Untracked 
|  59|0x0000000743b00000, 0x0000000743bffff0, 0x0000000743c00000| 99%| O|  |TAMS 0x0000000743b00000, 0x0000000743b00000| Untracked 
|  60|0x0000000743c00000, 0x0000000743d00000, 0x0000000743d00000|100%| O|  |TAMS 0x0000000743c00000, 0x0000000743c00000| Untracked 
|  61|0x0000000743d00000, 0x0000000743dffff0, 0x0000000743e00000| 99%| O|  |TAMS 0x0000000743d00000, 0x0000000743d00000| Untracked 
|  62|0x0000000743e00000, 0x0000000743effff8, 0x0000000743f00000| 99%| O|  |TAMS 0x0000000743e00000, 0x0000000743e00000| Untracked 
|  63|0x0000000743f00000, 0x0000000743fffff8, 0x0000000744000000| 99%| O|  |TAMS 0x0000000743f00000, 0x0000000743f00000| Untracked 
|  64|0x0000000744000000, 0x00000007440ffff0, 0x0000000744100000| 99%| O|  |TAMS 0x0000000744000000, 0x0000000744000000| Untracked 
|  65|0x0000000744100000, 0x0000000744200000, 0x0000000744200000|100%| O|  |TAMS 0x0000000744100000, 0x0000000744100000| Untracked 
|  66|0x0000000744200000, 0x00000007442fffe8, 0x0000000744300000| 99%| O|  |TAMS 0x0000000744200000, 0x0000000744200000| Untracked 
|  67|0x0000000744300000, 0x0000000744400000, 0x0000000744400000|100%| O|  |TAMS 0x0000000744300000, 0x0000000744300000| Untracked 
|  68|0x0000000744400000, 0x00000007444ffff8, 0x0000000744500000| 99%| O|  |TAMS 0x0000000744400000, 0x0000000744400000| Untracked 
|  69|0x0000000744500000, 0x00000007445ffff0, 0x0000000744600000| 99%| O|  |TAMS 0x0000000744500000, 0x0000000744500000| Untracked 
|  70|0x0000000744600000, 0x00000007446ffff0, 0x0000000744700000| 99%| O|  |TAMS 0x0000000744600000, 0x0000000744600000| Untracked 
|  71|0x0000000744700000, 0x00000007447ffff8, 0x0000000744800000| 99%| O|  |TAMS 0x0000000744700000, 0x0000000744700000| Untracked 
|  72|0x0000000744800000, 0x00000007448fffd8, 0x0000000744900000| 99%| O|  |TAMS 0x0000000744800000, 0x0000000744800000| Untracked 
|  73|0x0000000744900000, 0x00000007449ffff8, 0x0000000744a00000| 99%| O|  |TAMS 0x0000000744900000, 0x0000000744900000| Untracked 
|  74|0x0000000744a00000, 0x0000000744b00000, 0x0000000744b00000|100%| O|  |TAMS 0x0000000744a00000, 0x0000000744a00000| Untracked 
|  75|0x0000000744b00000, 0x0000000744bffff8, 0x0000000744c00000| 99%| O|  |TAMS 0x0000000744b00000, 0x0000000744b00000| Untracked 
|  76|0x0000000744c00000, 0x0000000744d00000, 0x0000000744d00000|100%| O|  |TAMS 0x0000000744c00000, 0x0000000744c00000| Untracked 
|  77|0x0000000744d00000, 0x0000000744df7118, 0x0000000744e00000| 96%| O|  |TAMS 0x0000000744d00000, 0x0000000744d00000| Untracked 
|  78|0x0000000744e00000, 0x0000000744ef5628, 0x0000000744f00000| 95%| O|  |TAMS 0x0000000744e00000, 0x0000000744e00000| Untracked 
|  79|0x0000000744f00000, 0x0000000744ff32f8, 0x0000000745000000| 94%| O|  |TAMS 0x0000000744f00000, 0x0000000744f00000| Untracked 
|  80|0x0000000745000000, 0x00000007450beda8, 0x0000000745100000| 74%| O|  |TAMS 0x0000000745000000, 0x0000000745000000| Untracked 
|  81|0x0000000745100000, 0x00000007451861d0, 0x0000000745200000| 52%| O|  |TAMS 0x0000000745100000, 0x0000000745100000| Untracked 
|  82|0x0000000745200000, 0x000000074524fa18, 0x0000000745300000| 31%| O|  |TAMS 0x0000000745200000, 0x0000000745200000| Untracked 
|  83|0x0000000745300000, 0x0000000745400000, 0x0000000745400000|100%|HS|  |TAMS 0x0000000745300000, 0x0000000745300000| Untracked 
|  84|0x0000000745400000, 0x0000000745500000, 0x0000000745500000|100%|HC|  |TAMS 0x0000000745400000, 0x0000000745400000| Untracked 
|  85|0x0000000745500000, 0x0000000745600000, 0x0000000745600000|100%|HC|  |TAMS 0x0000000745500000, 0x0000000745500000| Untracked 
|  86|0x0000000745600000, 0x0000000745600000, 0x0000000745700000|  0%| F|  |TAMS 0x0000000745600000, 0x0000000745600000| Untracked 
|  87|0x0000000745700000, 0x0000000745700000, 0x0000000745800000|  0%| F|  |TAMS 0x0000000745700000, 0x0000000745700000| Untracked 
|  88|0x0000000745800000, 0x0000000745800000, 0x0000000745900000|  0%| F|  |TAMS 0x0000000745800000, 0x0000000745800000| Untracked 
|  89|0x0000000745900000, 0x0000000745900000, 0x0000000745a00000|  0%| F|  |TAMS 0x0000000745900000, 0x0000000745900000| Untracked 
|  90|0x0000000745a00000, 0x0000000745a00000, 0x0000000745b00000|  0%| F|  |TAMS 0x0000000745a00000, 0x0000000745a00000| Untracked 
|  91|0x0000000745b00000, 0x0000000745b00000, 0x0000000745c00000|  0%| F|  |TAMS 0x0000000745b00000, 0x0000000745b00000| Untracked 
|  92|0x0000000745c00000, 0x0000000745c00000, 0x0000000745d00000|  0%| F|  |TAMS 0x0000000745c00000, 0x0000000745c00000| Untracked 
|  93|0x0000000745d00000, 0x0000000745d00000, 0x0000000745e00000|  0%| F|  |TAMS 0x0000000745d00000, 0x0000000745d00000| Untracked 
|  94|0x0000000745e00000, 0x0000000745e00000, 0x0000000745f00000|  0%| F|  |TAMS 0x0000000745e00000, 0x0000000745e00000| Untracked 
|  95|0x0000000745f00000, 0x0000000745f00000, 0x0000000746000000|  0%| F|  |TAMS 0x0000000745f00000, 0x0000000745f00000| Untracked 
|  96|0x0000000746000000, 0x0000000746000000, 0x0000000746100000|  0%| F|  |TAMS 0x0000000746000000, 0x0000000746000000| Untracked 
|  97|0x0000000746100000, 0x0000000746100000, 0x0000000746200000|  0%| F|  |TAMS 0x0000000746100000, 0x0000000746100000| Untracked 
|  98|0x0000000746200000, 0x0000000746200000, 0x0000000746300000|  0%| F|  |TAMS 0x0000000746200000, 0x0000000746200000| Untracked 
|  99|0x0000000746300000, 0x0000000746300000, 0x0000000746400000|  0%| F|  |TAMS 0x0000000746300000, 0x0000000746300000| Untracked 
| 100|0x0000000746400000, 0x0000000746400000, 0x0000000746500000|  0%| F|  |TAMS 0x0000000746400000, 0x0000000746400000| Untracked 
| 101|0x0000000746500000, 0x0000000746500000, 0x0000000746600000|  0%| F|  |TAMS 0x0000000746500000, 0x0000000746500000| Untracked 
| 102|0x0000000746600000, 0x0000000746600000, 0x0000000746700000|  0%| F|  |TAMS 0x0000000746600000, 0x0000000746600000| Untracked 
| 103|0x0000000746700000, 0x0000000746700000, 0x0000000746800000|  0%| F|  |TAMS 0x0000000746700000, 0x0000000746700000| Untracked 
| 104|0x0000000746800000, 0x0000000746800000, 0x0000000746900000|  0%| F|  |TAMS 0x0000000746800000, 0x0000000746800000| Untracked 
| 105|0x0000000746900000, 0x0000000746900000, 0x0000000746a00000|  0%| F|  |TAMS 0x0000000746900000, 0x0000000746900000| Untracked 
| 106|0x0000000746a00000, 0x0000000746a00000, 0x0000000746b00000|  0%| F|  |TAMS 0x0000000746a00000, 0x0000000746a00000| Untracked 
| 107|0x0000000746b00000, 0x0000000746b00000, 0x0000000746c00000|  0%| F|  |TAMS 0x0000000746b00000, 0x0000000746b00000| Untracked 
| 108|0x0000000746c00000, 0x0000000746c00000, 0x0000000746d00000|  0%| F|  |TAMS 0x0000000746c00000, 0x0000000746c00000| Untracked 
| 109|0x0000000746d00000, 0x0000000746d00000, 0x0000000746e00000|  0%| F|  |TAMS 0x0000000746d00000, 0x0000000746d00000| Untracked 
| 110|0x0000000746e00000, 0x0000000746e00000, 0x0000000746f00000|  0%| F|  |TAMS 0x0000000746e00000, 0x0000000746e00000| Untracked 
| 111|0x0000000746f00000, 0x0000000746f00000, 0x0000000747000000|  0%| F|  |TAMS 0x0000000746f00000, 0x0000000746f00000| Untracked 
| 112|0x0000000747000000, 0x0000000747000000, 0x0000000747100000|  0%| F|  |TAMS 0x0000000747000000, 0x0000000747000000| Untracked 
| 113|0x0000000747100000, 0x0000000747100000, 0x0000000747200000|  0%| F|  |TAMS 0x0000000747100000, 0x0000000747100000| Untracked 
| 114|0x0000000747200000, 0x0000000747200000, 0x0000000747300000|  0%| F|  |TAMS 0x0000000747200000, 0x0000000747200000| Untracked 
| 115|0x0000000747300000, 0x0000000747300000, 0x0000000747400000|  0%| F|  |TAMS 0x0000000747300000, 0x0000000747300000| Untracked 
| 116|0x0000000747400000, 0x0000000747400000, 0x0000000747500000|  0%| F|  |TAMS 0x0000000747400000, 0x0000000747400000| Untracked 
| 117|0x0000000747500000, 0x0000000747500000, 0x0000000747600000|  0%| F|  |TAMS 0x0000000747500000, 0x0000000747500000| Untracked 
| 118|0x0000000747600000, 0x0000000747600000, 0x0000000747700000|  0%| F|  |TAMS 0x0000000747600000, 0x0000000747600000| Untracked 
| 119|0x0000000747700000, 0x0000000747700000, 0x0000000747800000|  0%| F|  |TAMS 0x0000000747700000, 0x0000000747700000| Untracked 
| 120|0x0000000747800000, 0x0000000747800000, 0x0000000747900000|  0%| F|  |TAMS 0x0000000747800000, 0x0000000747800000| Untracked 
| 121|0x0000000747900000, 0x0000000747900000, 0x0000000747a00000|  0%| F|  |TAMS 0x0000000747900000, 0x0000000747900000| Untracked 
| 122|0x0000000747a00000, 0x0000000747a00000, 0x0000000747b00000|  0%| F|  |TAMS 0x0000000747a00000, 0x0000000747a00000| Untracked 
| 123|0x0000000747b00000, 0x0000000747b00000, 0x0000000747c00000|  0%| F|  |TAMS 0x0000000747b00000, 0x0000000747b00000| Untracked 
| 124|0x0000000747c00000, 0x0000000747c00000, 0x0000000747d00000|  0%| F|  |TAMS 0x0000000747c00000, 0x0000000747c00000| Untracked 
| 125|0x0000000747d00000, 0x0000000747d00000, 0x0000000747e00000|  0%| F|  |TAMS 0x0000000747d00000, 0x0000000747d00000| Untracked 
| 126|0x0000000747e00000, 0x0000000747e00000, 0x0000000747f00000|  0%| F|  |TAMS 0x0000000747e00000, 0x0000000747e00000| Untracked 
| 127|0x0000000747f00000, 0x0000000747f00000, 0x0000000748000000|  0%| F|  |TAMS 0x0000000747f00000, 0x0000000747f00000| Untracked 
| 128|0x0000000748000000, 0x0000000748000000, 0x0000000748100000|  0%| F|  |TAMS 0x0000000748000000, 0x0000000748000000| Untracked 
| 129|0x0000000748100000, 0x0000000748100000, 0x0000000748200000|  0%| F|  |TAMS 0x0000000748100000, 0x0000000748100000| Untracked 
| 130|0x0000000748200000, 0x0000000748200000, 0x0000000748300000|  0%| F|  |TAMS 0x0000000748200000, 0x0000000748200000| Untracked 
| 131|0x0000000748300000, 0x0000000748300000, 0x0000000748400000|  0%| F|  |TAMS 0x0000000748300000, 0x0000000748300000| Untracked 
| 132|0x0000000748400000, 0x0000000748400000, 0x0000000748500000|  0%| F|  |TAMS 0x0000000748400000, 0x0000000748400000| Untracked 
| 133|0x0000000748500000, 0x0000000748500000, 0x0000000748600000|  0%| F|  |TAMS 0x0000000748500000, 0x0000000748500000| Untracked 
| 134|0x0000000748600000, 0x0000000748626150, 0x0000000748700000| 14%| O|  |TAMS 0x0000000748600000, 0x0000000748600000| Untracked 
| 135|0x0000000748700000, 0x0000000748700000, 0x0000000748800000|  0%| F|  |TAMS 0x0000000748700000, 0x0000000748700000| Untracked 
| 136|0x0000000748800000, 0x0000000748800000, 0x0000000748900000|  0%| F|  |TAMS 0x0000000748800000, 0x0000000748800000| Untracked 
| 137|0x0000000748900000, 0x0000000748900000, 0x0000000748a00000|  0%| F|  |TAMS 0x0000000748900000, 0x0000000748900000| Untracked 
| 138|0x0000000748a00000, 0x0000000748a00000, 0x0000000748b00000|  0%| F|  |TAMS 0x0000000748a00000, 0x0000000748a00000| Untracked 
| 139|0x0000000748b00000, 0x0000000748b00000, 0x0000000748c00000|  0%| F|  |TAMS 0x0000000748b00000, 0x0000000748b00000| Untracked 
| 140|0x0000000748c00000, 0x0000000748c00000, 0x0000000748d00000|  0%| F|  |TAMS 0x0000000748c00000, 0x0000000748c00000| Untracked 
| 141|0x0000000748d00000, 0x0000000748d00000, 0x0000000748e00000|  0%| F|  |TAMS 0x0000000748d00000, 0x0000000748d00000| Untracked 
| 142|0x0000000748e00000, 0x0000000748e00000, 0x0000000748f00000|  0%| F|  |TAMS 0x0000000748e00000, 0x0000000748e00000| Untracked 
| 143|0x0000000748f00000, 0x0000000748f00000, 0x0000000749000000|  0%| F|  |TAMS 0x0000000748f00000, 0x0000000748f00000| Untracked 
| 144|0x0000000749000000, 0x0000000749000000, 0x0000000749100000|  0%| F|  |TAMS 0x0000000749000000, 0x0000000749000000| Untracked 
| 145|0x0000000749100000, 0x0000000749100000, 0x0000000749200000|  0%| F|  |TAMS 0x0000000749100000, 0x0000000749100000| Untracked 
| 146|0x0000000749200000, 0x0000000749200000, 0x0000000749300000|  0%| F|  |TAMS 0x0000000749200000, 0x0000000749200000| Untracked 
| 147|0x0000000749300000, 0x0000000749300000, 0x0000000749400000|  0%| F|  |TAMS 0x0000000749300000, 0x0000000749300000| Untracked 
| 148|0x0000000749400000, 0x0000000749400000, 0x0000000749500000|  0%| F|  |TAMS 0x0000000749400000, 0x0000000749400000| Untracked 
| 149|0x0000000749500000, 0x0000000749500000, 0x0000000749600000|  0%| F|  |TAMS 0x0000000749500000, 0x0000000749500000| Untracked 
| 150|0x0000000749600000, 0x0000000749600000, 0x0000000749700000|  0%| F|  |TAMS 0x0000000749600000, 0x0000000749600000| Untracked 
| 151|0x0000000749700000, 0x0000000749700000, 0x0000000749800000|  0%| F|  |TAMS 0x0000000749700000, 0x0000000749700000| Untracked 
| 152|0x0000000749800000, 0x0000000749800000, 0x0000000749900000|  0%| F|  |TAMS 0x0000000749800000, 0x0000000749800000| Untracked 
| 153|0x0000000749900000, 0x0000000749900000, 0x0000000749a00000|  0%| F|  |TAMS 0x0000000749900000, 0x0000000749900000| Untracked 
| 154|0x0000000749a00000, 0x0000000749a00000, 0x0000000749b00000|  0%| F|  |TAMS 0x0000000749a00000, 0x0000000749a00000| Untracked 
| 155|0x0000000749b00000, 0x0000000749b00000, 0x0000000749c00000|  0%| F|  |TAMS 0x0000000749b00000, 0x0000000749b00000| Untracked 
| 156|0x0000000749c00000, 0x0000000749c00000, 0x0000000749d00000|  0%| F|  |TAMS 0x0000000749c00000, 0x0000000749c00000| Untracked 
| 157|0x0000000749d00000, 0x0000000749d00000, 0x0000000749e00000|  0%| F|  |TAMS 0x0000000749d00000, 0x0000000749d00000| Untracked 
| 158|0x0000000749e00000, 0x0000000749e00000, 0x0000000749f00000|  0%| F|  |TAMS 0x0000000749e00000, 0x0000000749e00000| Untracked 
| 159|0x0000000749f00000, 0x0000000749f00000, 0x000000074a000000|  0%| F|  |TAMS 0x0000000749f00000, 0x0000000749f00000| Untracked 
| 160|0x000000074a000000, 0x000000074a000000, 0x000000074a100000|  0%| F|  |TAMS 0x000000074a000000, 0x000000074a000000| Untracked 
| 161|0x000000074a100000, 0x000000074a100000, 0x000000074a200000|  0%| F|  |TAMS 0x000000074a100000, 0x000000074a100000| Untracked 
| 162|0x000000074a200000, 0x000000074a200000, 0x000000074a300000|  0%| F|  |TAMS 0x000000074a200000, 0x000000074a200000| Untracked 
| 163|0x000000074a300000, 0x000000074a300000, 0x000000074a400000|  0%| F|  |TAMS 0x000000074a300000, 0x000000074a300000| Untracked 
| 164|0x000000074a400000, 0x000000074a400000, 0x000000074a500000|  0%| F|  |TAMS 0x000000074a400000, 0x000000074a400000| Untracked 
| 165|0x000000074a500000, 0x000000074a500000, 0x000000074a600000|  0%| F|  |TAMS 0x000000074a500000, 0x000000074a500000| Untracked 
| 166|0x000000074a600000, 0x000000074a600000, 0x000000074a700000|  0%| F|  |TAMS 0x000000074a600000, 0x000000074a600000| Untracked 
| 167|0x000000074a700000, 0x000000074a700000, 0x000000074a800000|  0%| F|  |TAMS 0x000000074a700000, 0x000000074a700000| Untracked 
| 168|0x000000074a800000, 0x000000074a800000, 0x000000074a900000|  0%| F|  |TAMS 0x000000074a800000, 0x000000074a800000| Untracked 
| 169|0x000000074a900000, 0x000000074a900000, 0x000000074aa00000|  0%| F|  |TAMS 0x000000074a900000, 0x000000074a900000| Untracked 
| 170|0x000000074aa00000, 0x000000074aa00000, 0x000000074ab00000|  0%| F|  |TAMS 0x000000074aa00000, 0x000000074aa00000| Untracked 
| 171|0x000000074ab00000, 0x000000074ab00000, 0x000000074ac00000|  0%| F|  |TAMS 0x000000074ab00000, 0x000000074ab00000| Untracked 
| 172|0x000000074ac00000, 0x000000074ac00000, 0x000000074ad00000|  0%| F|  |TAMS 0x000000074ac00000, 0x000000074ac00000| Untracked 
| 173|0x000000074ad00000, 0x000000074ad00000, 0x000000074ae00000|  0%| F|  |TAMS 0x000000074ad00000, 0x000000074ad00000| Untracked 
| 174|0x000000074ae00000, 0x000000074ae00000, 0x000000074af00000|  0%| F|  |TAMS 0x000000074ae00000, 0x000000074ae00000| Untracked 
| 175|0x000000074af00000, 0x000000074af00000, 0x000000074b000000|  0%| F|  |TAMS 0x000000074af00000, 0x000000074af00000| Untracked 
| 176|0x000000074b000000, 0x000000074b000000, 0x000000074b100000|  0%| F|  |TAMS 0x000000074b000000, 0x000000074b000000| Untracked 
| 177|0x000000074b100000, 0x000000074b100000, 0x000000074b200000|  0%| F|  |TAMS 0x000000074b100000, 0x000000074b100000| Untracked 
| 178|0x000000074b200000, 0x000000074b200000, 0x000000074b300000|  0%| F|  |TAMS 0x000000074b200000, 0x000000074b200000| Untracked 
| 179|0x000000074b300000, 0x000000074b300000, 0x000000074b400000|  0%| F|  |TAMS 0x000000074b300000, 0x000000074b300000| Untracked 
| 180|0x000000074b400000, 0x000000074b400000, 0x000000074b500000|  0%| F|  |TAMS 0x000000074b400000, 0x000000074b400000| Untracked 
| 181|0x000000074b500000, 0x000000074b500000, 0x000000074b600000|  0%| F|  |TAMS 0x000000074b500000, 0x000000074b500000| Untracked 
| 182|0x000000074b600000, 0x000000074b600000, 0x000000074b700000|  0%| F|  |TAMS 0x000000074b600000, 0x000000074b600000| Untracked 
| 183|0x000000074b700000, 0x000000074b700000, 0x000000074b800000|  0%| F|  |TAMS 0x000000074b700000, 0x000000074b700000| Untracked 
| 184|0x000000074b800000, 0x000000074b800000, 0x000000074b900000|  0%| F|  |TAMS 0x000000074b800000, 0x000000074b800000| Untracked 
| 185|0x000000074b900000, 0x000000074b900000, 0x000000074ba00000|  0%| F|  |TAMS 0x000000074b900000, 0x000000074b900000| Untracked 
| 186|0x000000074ba00000, 0x000000074ba00000, 0x000000074bb00000|  0%| F|  |TAMS 0x000000074ba00000, 0x000000074ba00000| Untracked 
| 187|0x000000074bb00000, 0x000000074bb00000, 0x000000074bc00000|  0%| F|  |TAMS 0x000000074bb00000, 0x000000074bb00000| Untracked 
| 188|0x000000074bc00000, 0x000000074bc00000, 0x000000074bd00000|  0%| F|  |TAMS 0x000000074bc00000, 0x000000074bc00000| Untracked 
| 189|0x000000074bd00000, 0x000000074bd00000, 0x000000074be00000|  0%| F|  |TAMS 0x000000074bd00000, 0x000000074bd00000| Untracked 
| 190|0x000000074be00000, 0x000000074be00000, 0x000000074bf00000|  0%| F|  |TAMS 0x000000074be00000, 0x000000074be00000| Untracked 
| 191|0x000000074bf00000, 0x000000074bf00000, 0x000000074c000000|  0%| F|  |TAMS 0x000000074bf00000, 0x000000074bf00000| Untracked 
| 192|0x000000074c000000, 0x000000074c000000, 0x000000074c100000|  0%| F|  |TAMS 0x000000074c000000, 0x000000074c000000| Untracked 
| 193|0x000000074c100000, 0x000000074c100000, 0x000000074c200000|  0%| F|  |TAMS 0x000000074c100000, 0x000000074c100000| Untracked 
| 194|0x000000074c200000, 0x000000074c200000, 0x000000074c300000|  0%| F|  |TAMS 0x000000074c200000, 0x000000074c200000| Untracked 
| 195|0x000000074c300000, 0x000000074c300000, 0x000000074c400000|  0%| F|  |TAMS 0x000000074c300000, 0x000000074c300000| Untracked 
| 196|0x000000074c400000, 0x000000074c400000, 0x000000074c500000|  0%| F|  |TAMS 0x000000074c400000, 0x000000074c400000| Untracked 
| 197|0x000000074c500000, 0x000000074c500000, 0x000000074c600000|  0%| F|  |TAMS 0x000000074c500000, 0x000000074c500000| Untracked 
| 198|0x000000074c600000, 0x000000074c600000, 0x000000074c700000|  0%| F|  |TAMS 0x000000074c600000, 0x000000074c600000| Untracked 
| 199|0x000000074c700000, 0x000000074c700000, 0x000000074c800000|  0%| F|  |TAMS 0x000000074c700000, 0x000000074c700000| Untracked 
| 200|0x000000074c800000, 0x000000074c800000, 0x000000074c900000|  0%| F|  |TAMS 0x000000074c800000, 0x000000074c800000| Untracked 
| 201|0x000000074c900000, 0x000000074c900000, 0x000000074ca00000|  0%| F|  |TAMS 0x000000074c900000, 0x000000074c900000| Untracked 
| 202|0x000000074ca00000, 0x000000074ca00000, 0x000000074cb00000|  0%| F|  |TAMS 0x000000074ca00000, 0x000000074ca00000| Untracked 
| 203|0x000000074cb00000, 0x000000074cb00000, 0x000000074cc00000|  0%| F|  |TAMS 0x000000074cb00000, 0x000000074cb00000| Untracked 
| 204|0x000000074cc00000, 0x000000074cc00000, 0x000000074cd00000|  0%| F|  |TAMS 0x000000074cc00000, 0x000000074cc00000| Untracked 
| 205|0x000000074cd00000, 0x000000074cd00000, 0x000000074ce00000|  0%| F|  |TAMS 0x000000074cd00000, 0x000000074cd00000| Untracked 
| 206|0x000000074ce00000, 0x000000074ce00000, 0x000000074cf00000|  0%| F|  |TAMS 0x000000074ce00000, 0x000000074ce00000| Untracked 
| 207|0x000000074cf00000, 0x000000074cf00000, 0x000000074d000000|  0%| F|  |TAMS 0x000000074cf00000, 0x000000074cf00000| Untracked 
| 208|0x000000074d000000, 0x000000074d000000, 0x000000074d100000|  0%| F|  |TAMS 0x000000074d000000, 0x000000074d000000| Untracked 
| 209|0x000000074d100000, 0x000000074d100000, 0x000000074d200000|  0%| F|  |TAMS 0x000000074d100000, 0x000000074d100000| Untracked 
| 210|0x000000074d200000, 0x000000074d200000, 0x000000074d300000|  0%| F|  |TAMS 0x000000074d200000, 0x000000074d200000| Untracked 
| 211|0x000000074d300000, 0x000000074d300000, 0x000000074d400000|  0%| F|  |TAMS 0x000000074d300000, 0x000000074d300000| Untracked 
| 212|0x000000074d400000, 0x000000074d400000, 0x000000074d500000|  0%| F|  |TAMS 0x000000074d400000, 0x000000074d400000| Untracked 
| 213|0x000000074d500000, 0x000000074d500000, 0x000000074d600000|  0%| F|  |TAMS 0x000000074d500000, 0x000000074d500000| Untracked 
| 214|0x000000074d600000, 0x000000074d600000, 0x000000074d700000|  0%| F|  |TAMS 0x000000074d600000, 0x000000074d600000| Untracked 
| 215|0x000000074d700000, 0x000000074d700000, 0x000000074d800000|  0%| F|  |TAMS 0x000000074d700000, 0x000000074d700000| Untracked 
| 216|0x000000074d800000, 0x000000074d800000, 0x000000074d900000|  0%| F|  |TAMS 0x000000074d800000, 0x000000074d800000| Untracked 
| 217|0x000000074d900000, 0x000000074d900000, 0x000000074da00000|  0%| F|  |TAMS 0x000000074d900000, 0x000000074d900000| Untracked 
| 218|0x000000074da00000, 0x000000074da00000, 0x000000074db00000|  0%| F|  |TAMS 0x000000074da00000, 0x000000074da00000| Untracked 
| 219|0x000000074db00000, 0x000000074db00000, 0x000000074dc00000|  0%| F|  |TAMS 0x000000074db00000, 0x000000074db00000| Untracked 
| 220|0x000000074dc00000, 0x000000074dc00000, 0x000000074dd00000|  0%| F|  |TAMS 0x000000074dc00000, 0x000000074dc00000| Untracked 
| 221|0x000000074dd00000, 0x000000074dd00000, 0x000000074de00000|  0%| F|  |TAMS 0x000000074dd00000, 0x000000074dd00000| Untracked 
| 222|0x000000074de00000, 0x000000074de00000, 0x000000074df00000|  0%| F|  |TAMS 0x000000074de00000, 0x000000074de00000| Untracked 
| 223|0x000000074df00000, 0x000000074df00000, 0x000000074e000000|  0%| F|  |TAMS 0x000000074df00000, 0x000000074df00000| Untracked 
| 224|0x000000074e000000, 0x000000074e000000, 0x000000074e100000|  0%| F|  |TAMS 0x000000074e000000, 0x000000074e000000| Untracked 
| 225|0x000000074e100000, 0x000000074e100000, 0x000000074e200000|  0%| F|  |TAMS 0x000000074e100000, 0x000000074e100000| Untracked 
| 226|0x000000074e200000, 0x000000074e200000, 0x000000074e300000|  0%| F|  |TAMS 0x000000074e200000, 0x000000074e200000| Untracked 
| 227|0x000000074e300000, 0x000000074e300000, 0x000000074e400000|  0%| F|  |TAMS 0x000000074e300000, 0x000000074e300000| Untracked 
| 228|0x000000074e400000, 0x000000074e400000, 0x000000074e500000|  0%| F|  |TAMS 0x000000074e400000, 0x000000074e400000| Untracked 
| 229|0x000000074e500000, 0x000000074e500000, 0x000000074e600000|  0%| F|  |TAMS 0x000000074e500000, 0x000000074e500000| Untracked 
| 230|0x000000074e600000, 0x000000074e600000, 0x000000074e700000|  0%| F|  |TAMS 0x000000074e600000, 0x000000074e600000| Untracked 
| 231|0x000000074e700000, 0x000000074e700000, 0x000000074e800000|  0%| F|  |TAMS 0x000000074e700000, 0x000000074e700000| Untracked 
| 232|0x000000074e800000, 0x000000074e800000, 0x000000074e900000|  0%| F|  |TAMS 0x000000074e800000, 0x000000074e800000| Untracked 
| 233|0x000000074e900000, 0x000000074e900000, 0x000000074ea00000|  0%| F|  |TAMS 0x000000074e900000, 0x000000074e900000| Untracked 
| 234|0x000000074ea00000, 0x000000074ea00000, 0x000000074eb00000|  0%| F|  |TAMS 0x000000074ea00000, 0x000000074ea00000| Untracked 
| 235|0x000000074eb00000, 0x000000074eb00000, 0x000000074ec00000|  0%| F|  |TAMS 0x000000074eb00000, 0x000000074eb00000| Untracked 
| 236|0x000000074ec00000, 0x000000074ec00000, 0x000000074ed00000|  0%| F|  |TAMS 0x000000074ec00000, 0x000000074ec00000| Untracked 
| 237|0x000000074ed00000, 0x000000074ed00000, 0x000000074ee00000|  0%| F|  |TAMS 0x000000074ed00000, 0x000000074ed00000| Untracked 
| 238|0x000000074ee00000, 0x000000074ee00000, 0x000000074ef00000|  0%| F|  |TAMS 0x000000074ee00000, 0x000000074ee00000| Untracked 
| 239|0x000000074ef00000, 0x000000074ef00000, 0x000000074f000000|  0%| F|  |TAMS 0x000000074ef00000, 0x000000074ef00000| Untracked 
| 240|0x000000074f000000, 0x000000074f000000, 0x000000074f100000|  0%| F|  |TAMS 0x000000074f000000, 0x000000074f000000| Untracked 
| 241|0x000000074f100000, 0x000000074f100000, 0x000000074f200000|  0%| F|  |TAMS 0x000000074f100000, 0x000000074f100000| Untracked 
| 242|0x000000074f200000, 0x000000074f200000, 0x000000074f300000|  0%| F|  |TAMS 0x000000074f200000, 0x000000074f200000| Untracked 
| 243|0x000000074f300000, 0x000000074f300000, 0x000000074f400000|  0%| F|  |TAMS 0x000000074f300000, 0x000000074f300000| Untracked 
| 244|0x000000074f400000, 0x000000074f41b190, 0x000000074f500000| 10%| E|  |TAMS 0x000000074f400000, 0x000000074f400000| Complete 
| 245|0x000000074f500000, 0x000000074f600000, 0x000000074f600000|100%| E|CS|TAMS 0x000000074f500000, 0x000000074f500000| Complete 
| 246|0x000000074f600000, 0x000000074f700000, 0x000000074f700000|100%| E|CS|TAMS 0x000000074f600000, 0x000000074f600000| Complete 
| 247|0x000000074f700000, 0x000000074f800000, 0x000000074f800000|100%| E|CS|TAMS 0x000000074f700000, 0x000000074f700000| Complete 
| 248|0x000000074f800000, 0x000000074f900000, 0x000000074f900000|100%| E|CS|TAMS 0x000000074f800000, 0x000000074f800000| Complete 
| 249|0x000000074f900000, 0x000000074fa00000, 0x000000074fa00000|100%| E|CS|TAMS 0x000000074f900000, 0x000000074f900000| Complete 
| 250|0x000000074fa00000, 0x000000074fb00000, 0x000000074fb00000|100%| E|CS|TAMS 0x000000074fa00000, 0x000000074fa00000| Complete 
| 251|0x000000074fb00000, 0x000000074fc00000, 0x000000074fc00000|100%| E|CS|TAMS 0x000000074fb00000, 0x000000074fb00000| Complete 
| 252|0x000000074fc00000, 0x000000074fd00000, 0x000000074fd00000|100%| E|CS|TAMS 0x000000074fc00000, 0x000000074fc00000| Complete 
| 253|0x000000074fd00000, 0x000000074fe00000, 0x000000074fe00000|100%| E|CS|TAMS 0x000000074fd00000, 0x000000074fd00000| Complete 
| 254|0x000000074fe00000, 0x000000074ff00000, 0x000000074ff00000|100%| E|CS|TAMS 0x000000074fe00000, 0x000000074fe00000| Complete 
| 255|0x000000074ff00000, 0x0000000750000000, 0x0000000750000000|100%| E|CS|TAMS 0x000000074ff00000, 0x000000074ff00000| Complete 
| 256|0x0000000750000000, 0x0000000750100000, 0x0000000750100000|100%| E|CS|TAMS 0x0000000750000000, 0x0000000750000000| Complete 
| 257|0x0000000750100000, 0x0000000750200000, 0x0000000750200000|100%| E|CS|TAMS 0x0000000750100000, 0x0000000750100000| Complete 
| 258|0x0000000750200000, 0x0000000750300000, 0x0000000750300000|100%| E|CS|TAMS 0x0000000750200000, 0x0000000750200000| Complete 
| 259|0x0000000750300000, 0x0000000750400000, 0x0000000750400000|100%| E|CS|TAMS 0x0000000750300000, 0x0000000750300000| Complete 
| 260|0x0000000750400000, 0x0000000750500000, 0x0000000750500000|100%| E|CS|TAMS 0x0000000750400000, 0x0000000750400000| Complete 
| 261|0x0000000750500000, 0x0000000750600000, 0x0000000750600000|100%| E|CS|TAMS 0x0000000750500000, 0x0000000750500000| Complete 
| 262|0x0000000750600000, 0x0000000750613a58, 0x0000000750700000|  7%| O|  |TAMS 0x0000000750600000, 0x0000000750600000| Untracked 
| 263|0x0000000750700000, 0x0000000750800000, 0x0000000750800000|100%| E|CS|TAMS 0x0000000750700000, 0x0000000750700000| Complete 
| 264|0x0000000750800000, 0x0000000750900000, 0x0000000750900000|100%| E|CS|TAMS 0x0000000750800000, 0x0000000750800000| Complete 
| 265|0x0000000750900000, 0x0000000750a00000, 0x0000000750a00000|100%| E|CS|TAMS 0x0000000750900000, 0x0000000750900000| Complete 
| 266|0x0000000750a00000, 0x0000000750b00000, 0x0000000750b00000|100%| E|CS|TAMS 0x0000000750a00000, 0x0000000750a00000| Complete 
| 267|0x0000000750b00000, 0x0000000750c00000, 0x0000000750c00000|100%| E|CS|TAMS 0x0000000750b00000, 0x0000000750b00000| Complete 
| 268|0x0000000750c00000, 0x0000000750d00000, 0x0000000750d00000|100%| E|CS|TAMS 0x0000000750c00000, 0x0000000750c00000| Complete 
| 269|0x0000000750d00000, 0x0000000750e00000, 0x0000000750e00000|100%| E|CS|TAMS 0x0000000750d00000, 0x0000000750d00000| Complete 
| 270|0x0000000750e00000, 0x0000000750f00000, 0x0000000750f00000|100%| E|CS|TAMS 0x0000000750e00000, 0x0000000750e00000| Complete 
| 271|0x0000000750f00000, 0x0000000751000000, 0x0000000751000000|100%| E|CS|TAMS 0x0000000750f00000, 0x0000000750f00000| Complete 
| 272|0x0000000751000000, 0x0000000751100000, 0x0000000751100000|100%| E|CS|TAMS 0x0000000751000000, 0x0000000751000000| Complete 
| 273|0x0000000751100000, 0x0000000751200000, 0x0000000751200000|100%| E|CS|TAMS 0x0000000751100000, 0x0000000751100000| Complete 
| 274|0x0000000751200000, 0x0000000751300000, 0x0000000751300000|100%| E|CS|TAMS 0x0000000751200000, 0x0000000751200000| Complete 
| 275|0x0000000751300000, 0x0000000751400000, 0x0000000751400000|100%| E|CS|TAMS 0x0000000751300000, 0x0000000751300000| Complete 
| 276|0x0000000751400000, 0x0000000751500000, 0x0000000751500000|100%| E|CS|TAMS 0x0000000751400000, 0x0000000751400000| Complete 
| 277|0x0000000751500000, 0x0000000751600000, 0x0000000751600000|100%| E|CS|TAMS 0x0000000751500000, 0x0000000751500000| Complete 
| 278|0x0000000751600000, 0x0000000751700000, 0x0000000751700000|100%| E|CS|TAMS 0x0000000751600000, 0x0000000751600000| Complete 
| 279|0x0000000751700000, 0x0000000751800000, 0x0000000751800000|100%| E|CS|TAMS 0x0000000751700000, 0x0000000751700000| Complete 
| 280|0x0000000751800000, 0x0000000751900000, 0x0000000751900000|100%| E|CS|TAMS 0x0000000751800000, 0x0000000751800000| Complete 
| 281|0x0000000751900000, 0x0000000751a00000, 0x0000000751a00000|100%| E|CS|TAMS 0x0000000751900000, 0x0000000751900000| Complete 
| 282|0x0000000751a00000, 0x0000000751b00000, 0x0000000751b00000|100%| E|CS|TAMS 0x0000000751a00000, 0x0000000751a00000| Complete 
| 283|0x0000000751b00000, 0x0000000751c00000, 0x0000000751c00000|100%| E|CS|TAMS 0x0000000751b00000, 0x0000000751b00000| Complete 

Card table byte_map: [0x0000026b6c1a0000,0x0000026b6c7a0000] _byte_map_base: 0x0000026b687a0000

Marking Bits (Prev, Next): (CMBitMap*) 0x0000026b1c02b890, (CMBitMap*) 0x0000026b1c02b858
 Prev Bits: [0x0000026b6fda0000, 0x0000026b72da0000)
 Next Bits: [0x0000026b6cda0000, 0x0000026b6fda0000)

Polling page: 0x0000026b5c9a0000

Metaspace:

Usage:
  Non-class:     81.67 MB capacity,    80.37 MB ( 98%) used,   991.50 KB (  1%) free+waste,   343.19 KB ( <1%) overhead. 
      Class:     13.92 MB capacity,    12.78 MB ( 92%) used,   997.46 KB (  7%) free+waste,   166.44 KB (  1%) overhead. 
       Both:     95.59 MB capacity,    93.15 MB ( 97%) used,     1.94 MB (  2%) free+waste,   509.63 KB ( <1%) overhead. 

Virtual space:
  Non-class space:       82.00 MB reserved,      81.90 MB (>99%) committed 
      Class space:        1.00 GB reserved,      14.00 MB (  1%) committed 
             Both:        1.08 GB reserved,      95.90 MB (  9%) committed 

Chunk freelists:
   Non-Class:  5.25 KB
       Class:  2.75 KB
        Both:  8.00 KB

CodeHeap 'non-profiled nmethods': size=120000Kb used=20015Kb max_used=20015Kb free=99984Kb
 bounds [0x0000026b08aa0000, 0x0000026b09e30000, 0x0000026b0ffd0000]
CodeHeap 'profiled nmethods': size=120000Kb used=39558Kb max_used=40511Kb free=80441Kb
 bounds [0x0000026b01570000, 0x0000026b03d30000, 0x0000026b08aa0000]
CodeHeap 'non-nmethods': size=5760Kb used=1659Kb max_used=1733Kb free=4100Kb
 bounds [0x0000026b00fd0000, 0x0000026b01240000, 0x0000026b01570000]
 total_blobs=30967 nmethods=16641 adapters=1116
 compilation: enabled
              stopped_count=0, restarted_count=0
 full_count=0

Compilation events (10 events):
Event: 727.878 Thread 0x0000026b1d1c0000 21378       3       ui.views.c.l.a.e::aKj (65 bytes)
Event: 727.879 Thread 0x0000026b1d1c0000 nmethod 21378 0x0000026b03688190 code [0x0000026b03688420, 0x0000026b03689410]
Event: 727.879 Thread 0x0000026b1d1c0000 21379       3       ui.data.aF::isEmpty (18 bytes)
Event: 727.879 Thread 0x0000026b1d1c0000 nmethod 21379 0x0000026b03512510 code [0x0000026b035126e0, 0x0000026b03512a60]
Event: 727.881 Thread 0x0000026b1d1c0000 21380       3       com.jidesoft.plaf.basic.BasicAutoFilterTableHeaderUIDelegate::getFilterCellDecoratorProperties (61 bytes)
Event: 727.881 Thread 0x0000026b1d1c0000 nmethod 21380 0x0000026b03649d10 code [0x0000026b03649ee0, 0x0000026b0364a550]
Event: 727.882 Thread 0x0000026b1d1c0000 21381       3       com.jidesoft.plaf.basic.BasicSortableTableHeaderUIDelegate::d (187 bytes)
Event: 727.883 Thread 0x0000026b1d1c0000 nmethod 21381 0x0000026b0368bd10 code [0x0000026b0368c000, 0x0000026b0368d2c0]
Event: 727.888 Thread 0x0000026b1e4be000 21382       4       com.jidesoft.grid.SortableTableHeaderCellDecorator::getSortInfo (343 bytes)
Event: 727.916 Thread 0x0000026b1e4be000 nmethod 21382 0x0000026b09e2c110 code [0x0000026b09e2c360, 0x0000026b09e2d2f8]

GC Heap History (10 events):
Event: 709.797 GC heap before
{Heap before GC invocations=500 (full 298):
 garbage-first heap   total 290816K, used 150703K [0x0000000740000000, 0x0000000800000000)
  region size 1024K, 60 young (61440K), 1 survivors (1024K)
 Metaspace       used 95266K, capacity 97815K, committed 97948K, reserved 1132544K
  class space    used 13085K, capacity 14250K, committed 14336K, reserved 1048576K
}
Event: 709.799 GC heap after
{Heap after GC invocations=501 (full 298):
 garbage-first heap   total 290816K, used 90452K [0x0000000740000000, 0x0000000800000000)
  region size 1024K, 1 young (1024K), 1 survivors (1024K)
 Metaspace       used 95266K, capacity 97815K, committed 97948K, reserved 1132544K
  class space    used 13085K, capacity 14250K, committed 14336K, reserved 1048576K
}
Event: 714.711 GC heap before
{Heap before GC invocations=501 (full 298):
 garbage-first heap   total 290816K, used 150868K [0x0000000740000000, 0x0000000800000000)
  region size 1024K, 60 young (61440K), 1 survivors (1024K)
 Metaspace       used 95272K, capacity 97815K, committed 97948K, reserved 1132544K
  class space    used 13085K, capacity 14250K, committed 14336K, reserved 1048576K
}
Event: 714.713 GC heap after
{Heap after GC invocations=502 (full 298):
 garbage-first heap   total 290816K, used 90663K [0x0000000740000000, 0x0000000800000000)
  region size 1024K, 1 young (1024K), 1 survivors (1024K)
 Metaspace       used 95272K, capacity 97815K, committed 97948K, reserved 1132544K
  class space    used 13085K, capacity 14250K, committed 14336K, reserved 1048576K
}
Event: 718.869 GC heap before
{Heap before GC invocations=502 (full 298):
 garbage-first heap   total 290816K, used 151079K [0x0000000740000000, 0x0000000800000000)
  region size 1024K, 60 young (61440K), 1 survivors (1024K)
 Metaspace       used 95285K, capacity 97879K, committed 98204K, reserved 1132544K
  class space    used 13085K, capacity 14250K, committed 14336K, reserved 1048576K
}
Event: 718.871 GC heap after
{Heap after GC invocations=503 (full 298):
 garbage-first heap   total 290816K, used 90574K [0x0000000740000000, 0x0000000800000000)
  region size 1024K, 1 young (1024K), 1 survivors (1024K)
 Metaspace       used 95285K, capacity 97879K, committed 98204K, reserved 1132544K
  class space    used 13085K, capacity 14250K, committed 14336K, reserved 1048576K
}
Event: 720.007 GC heap before
{Heap before GC invocations=503 (full 298):
 garbage-first heap   total 290816K, used 150990K [0x0000000740000000, 0x0000000800000000)
  region size 1024K, 60 young (61440K), 1 survivors (1024K)
 Metaspace       used 95287K, capacity 97879K, committed 98204K, reserved 1132544K
  class space    used 13085K, capacity 14250K, committed 14336K, reserved 1048576K
}
Event: 720.008 GC heap after
{Heap after GC invocations=504 (full 298):
 garbage-first heap   total 290816K, used 90599K [0x0000000740000000, 0x0000000800000000)
  region size 1024K, 1 young (1024K), 1 survivors (1024K)
 Metaspace       used 95287K, capacity 97879K, committed 98204K, reserved 1132544K
  class space    used 13085K, capacity 14250K, committed 14336K, reserved 1048576K
}
Event: 721.547 GC heap before
{Heap before GC invocations=504 (full 298):
 garbage-first heap   total 290816K, used 114151K [0x0000000740000000, 0x0000000800000000)
  region size 1024K, 25 young (25600K), 1 survivors (1024K)
 Metaspace       used 95349K, capacity 97879K, committed 98204K, reserved 1132544K
  class space    used 13085K, capacity 14250K, committed 14336K, reserved 1048576K
}
Event: 721.610 GC heap after
{Heap after GC invocations=505 (full 299):
 garbage-first heap   total 290816K, used 86709K [0x0000000740000000, 0x0000000800000000)
  region size 1024K, 0 young (0K), 0 survivors (0K)
 Metaspace       used 95349K, capacity 97879K, committed 98204K, reserved 1132544K
  class space    used 13085K, capacity 14250K, committed 14336K, reserved 1048576K
}

Deoptimization events (10 events):
Event: 650.370 Thread 0x0000026b780b6000 Uncommon trap: reason=unstable_if action=reinterpret pc=0x0000026b099bc7b4 method=java.awt.Container.getMouseEventTargetImpl(IIZLjava/awt/Container$EventTargetFilter;ZZ)Ljava/awt/Component; @ 218 c2
Event: 651.983 Thread 0x0000026b780b6000 Uncommon trap: reason=unstable_if action=reinterpret pc=0x0000026b09758bd8 method=ui.views.o.g.a(Lui/frmwork/a/a;)V @ 545 c2
Event: 651.985 Thread 0x0000026b780b6000 Uncommon trap: reason=unstable_if action=reinterpret pc=0x0000026b09d36fec method=javax.swing.tree.VariableHeightLayoutCache.getNodeForPath(Ljavax/swing/tree/TreePath;ZZ)Ljavax/swing/tree/VariableHeightLayoutCache$TreeStateNode; @ 150 c2
Event: 652.092 Thread 0x0000026b780b6000 Uncommon trap: reason=bimorphic_or_optimized_type_check action=maybe_recompile pc=0x0000026b09d43678 method=javax.swing.plaf.synth.SynthLabelUI.getMaximumSize(Ljavax/swing/JComponent;)Ljava/awt/Dimension; @ 13 c2
Event: 652.183 Thread 0x0000026b780b6000 Uncommon trap: reason=class_check action=maybe_recompile pc=0x0000026b090a0858 method=java.util.HashMap.removeNode(ILjava/lang/Object;Ljava/lang/Object;ZZ)Ljava/util/HashMap$Node; @ 68 c2
Event: 652.183 Thread 0x0000026b780b6000 Uncommon trap: reason=class_check action=maybe_recompile pc=0x0000026b090a0858 method=java.util.HashMap.removeNode(ILjava/lang/Object;Ljava/lang/Object;ZZ)Ljava/util/HashMap$Node; @ 68 c2
Event: 678.169 Thread 0x0000026b780b6000 Uncommon trap: reason=unstable_if action=reinterpret pc=0x0000026b09371b90 method=java.util.WeakHashMap.transfer([Ljava/util/WeakHashMap$Entry;[Ljava/util/WeakHashMap$Entry;)V @ 38 c2
Event: 678.181 Thread 0x0000026b780b6000 Uncommon trap: reason=unstable_if action=reinterpret pc=0x0000026b09dc0998 method=com.jidesoft.editor.CodeEditorPainter._paint(Ljava/awt/Graphics;)V @ 487 c2
Event: 720.080 Thread 0x0000026b780b6000 Uncommon trap: reason=unstable_if action=reinterpret pc=0x0000026b09d53ba4 method=java.awt.Container$DropTargetEventTargetFilter.accept(Ljava/awt/Component;)Z @ 6 c2
Event: 720.080 Thread 0x0000026b780b6000 Uncommon trap: reason=unstable_if action=reinterpret pc=0x0000026b09db70fc method=java.awt.Container$DropTargetEventTargetFilter.accept(Ljava/awt/Component;)Z @ 6 c2

Classes redefined (0 events):
No events

Internal exceptions (10 events):
Event: 681.862 Thread 0x0000026b780b6000 Exception <a 'java/io/FileNotFoundException'{0x00000007512cf9f8}> (0x00000007512cf9f8) thrown at [t:/workspace/open/src/hotspot/share/prims/jni.cpp, line 615]
Event: 686.863 Thread 0x0000026b780b6000 Exception <a 'java/io/FileNotFoundException'{0x000000074fe8f9b0}> (0x000000074fe8f9b0) thrown at [t:/workspace/open/src/hotspot/share/prims/jni.cpp, line 615]
Event: 691.863 Thread 0x0000026b780b6000 Exception <a 'java/io/FileNotFoundException'{0x000000074ec22b58}> (0x000000074ec22b58) thrown at [t:/workspace/open/src/hotspot/share/prims/jni.cpp, line 615]
Event: 696.863 Thread 0x0000026b780b6000 Exception <a 'java/io/FileNotFoundException'{0x0000000750713538}> (0x0000000750713538) thrown at [t:/workspace/open/src/hotspot/share/prims/jni.cpp, line 615]
Event: 701.864 Thread 0x0000026b780b6000 Exception <a 'java/io/FileNotFoundException'{0x00000007504dfc80}> (0x00000007504dfc80) thrown at [t:/workspace/open/src/hotspot/share/prims/jni.cpp, line 615]
Event: 706.865 Thread 0x0000026b780b6000 Exception <a 'java/io/FileNotFoundException'{0x00000007500cb848}> (0x00000007500cb848) thrown at [t:/workspace/open/src/hotspot/share/prims/jni.cpp, line 615]
Event: 711.866 Thread 0x0000026b780b6000 Exception <a 'java/io/FileNotFoundException'{0x000000074e7e6af8}> (0x000000074e7e6af8) thrown at [t:/workspace/open/src/hotspot/share/prims/jni.cpp, line 615]
Event: 716.868 Thread 0x0000026b780b6000 Exception <a 'java/io/FileNotFoundException'{0x0000000750dd74d0}> (0x0000000750dd74d0) thrown at [t:/workspace/open/src/hotspot/share/prims/jni.cpp, line 615]
Event: 721.868 Thread 0x0000026b780b6000 Exception <a 'java/io/FileNotFoundException'{0x0000000750cff860}> (0x0000000750cff860) thrown at [t:/workspace/open/src/hotspot/share/prims/jni.cpp, line 615]
Event: 726.868 Thread 0x0000026b780b6000 Exception <a 'java/io/FileNotFoundException'{0x000000074f80bd10}> (0x000000074f80bd10) thrown at [t:/workspace/open/src/hotspot/share/prims/jni.cpp, line 615]

Events (10 events):
Event: 724.167 Thread 0x0000026b25a3a000 Thread added: 0x0000026b25a3a000
Event: 724.171 Thread 0x0000026b25a3a000 Thread exited: 0x0000026b25a3a000
Event: 725.169 Thread 0x0000026b25a3a000 Thread added: 0x0000026b25a3a000
Event: 725.172 Thread 0x0000026b25a3a000 Thread exited: 0x0000026b25a3a000
Event: 726.171 Thread 0x0000026b25a3a000 Thread added: 0x0000026b25a3a000
Event: 726.174 Thread 0x0000026b25a3a000 Thread exited: 0x0000026b25a3a000
Event: 727.173 Thread 0x0000026b25a3a000 Thread added: 0x0000026b25a3a000
Event: 727.188 Thread 0x0000026b25a3a000 Thread exited: 0x0000026b25a3a000
Event: 727.888 loading class com/jidesoft/grid/SortableTableHeaderCellDecorator$SortInfo
Event: 727.888 loading class com/jidesoft/grid/SortableTableHeaderCellDecorator$SortInfo done


Dynamic libraries:
0x00007ff72c500000 - 0x00007ff72c52f000 	C:\Xilinx\Vivado\2020.2\bin\unwrapped\win64.o\vivado.exe
0x00007ffecab60000 - 0x00007ffecad67000 	C:\WINDOWS\SYSTEM32\ntdll.dll
0x00007ffec9e60000 - 0x00007ffec9f1d000 	C:\WINDOWS\System32\KERNEL32.DLL
0x00007ffec84e0000 - 0x00007ffec8854000 	C:\WINDOWS\System32\KERNELBASE.dll
0x00007ffec88e0000 - 0x00007ffec89f1000 	C:\WINDOWS\System32\ucrtbase.dll
0x00007ffebaf00000 - 0x00007ffebaf8d000 	C:\WINDOWS\SYSTEM32\MSVCP140.dll
0x00007ffec1810000 - 0x00007ffec1823000 	C:\Xilinx\Vivado\2020.2\lib\win64.o\libboost_signals.dll
0x00007ffec12a0000 - 0x00007ffec12b8000 	C:\Xilinx\Vivado\2020.2\lib\win64.o\librdi_commonmain.dll
0x00007ffebaf90000 - 0x00007ffebafab000 	C:\WINDOWS\SYSTEM32\VCRUNTIME140.dll
0x00007ffe5bff0000 - 0x00007ffe5d167000 	C:\Xilinx\Vivado\2020.2\lib\win64.o\librdi_common.dll
0x00007ffebaef0000 - 0x00007ffebaefc000 	C:\WINDOWS\SYSTEM32\VCRUNTIME140_1.dll
0x00007ffec9c10000 - 0x00007ffec9dbc000 	C:\WINDOWS\System32\USER32.dll
0x00007ffec8230000 - 0x00007ffec8256000 	C:\WINDOWS\System32\win32u.dll
0x00007ffec8a00000 - 0x00007ffec8a29000 	C:\WINDOWS\System32\GDI32.dll
0x00007ffec8110000 - 0x00007ffec8222000 	C:\WINDOWS\System32\gdi32full.dll
0x00007ffec1840000 - 0x00007ffec1849000 	C:\Xilinx\Vivado\2020.2\lib\win64.o\librdi_commonversion.dll
0x00007ffec8440000 - 0x00007ffec84dd000 	C:\WINDOWS\System32\msvcp_win.dll
0x00007ffec1050000 - 0x00007ffec1072000 	C:\Xilinx\Vivado\2020.2\lib\win64.o\libboost_filesystem.dll
0x00007ffecaa00000 - 0x00007ffecaaae000 	C:\WINDOWS\System32\ADVAPI32.dll
0x00007ffec8dd0000 - 0x00007ffec957e000 	C:\WINDOWS\System32\SHELL32.dll
0x00007ffec8c70000 - 0x00007ffec8d13000 	C:\WINDOWS\System32\msvcrt.dll
0x00007ffec9b10000 - 0x00007ffec9bae000 	C:\WINDOWS\System32\sechost.dll
0x00007ffea5c50000 - 0x00007ffea5de9000 	C:\Xilinx\Vivado\2020.2\lib\win64.o\librdi_commonxillic.dll
0x000000005b2d0000 - 0x000000005b3fb000 	C:\Xilinx\Vivado\2020.2\lib\win64.o\tcl85t.dll
0x00007ffeca140000 - 0x00007ffeca1af000 	C:\WINDOWS\System32\WS2_32.dll
0x00007ffec9900000 - 0x00007ffec9a20000 	C:\WINDOWS\System32\RPCRT4.dll
0x00007ffec1800000 - 0x00007ffec1810000 	C:\Xilinx\Vivado\2020.2\lib\win64.o\libboost_date_time.dll
0x00007ffea1370000 - 0x00007ffea16de000 	C:\Xilinx\Vivado\2020.2\lib\win64.o\libCOIN-all.dll
0x00007ffec0340000 - 0x00007ffec03b3000 	C:\Xilinx\Vivado\2020.2\lib\win64.o\libboost_program_options.dll
0x00007ffea5b30000 - 0x00007ffea5c41000 	C:\Xilinx\Vivado\2020.2\lib\win64.o\libboost_regex.dll
0x00007ffec0f40000 - 0x00007ffec0f49000 	C:\Xilinx\Vivado\2020.2\lib\win64.o\libboost_system.dll
0x00007ffec0cb0000 - 0x00007ffec0cce000 	C:\Xilinx\Vivado\2020.2\lib\win64.o\libboost_thread.dll
0x00007ffec04f0000 - 0x00007ffec04fc000 	C:\Xilinx\Vivado\2020.2\lib\win64.o\libboost_xilinx.dll
0x00007ffebac80000 - 0x00007ffebad02000 	C:\Xilinx\Vivado\2020.2\lib\win64.o\libhdlpsolve.dll
0x00007ffea5a80000 - 0x00007ffea5b25000 	C:\Xilinx\Vivado\2020.2\lib\win64.o\libhdxml.dll
0x00007ffebd0f0000 - 0x00007ffebd118000 	C:\Xilinx\Vivado\2020.2\lib\win64.o\libisl_sysinfo.dll
0x00007ffeb0290000 - 0x00007ffeb02f5000 	C:\Xilinx\Vivado\2020.2\lib\win64.o\liblmx6.0.dll
0x00007ffe5b1f0000 - 0x00007ffe5bfe2600 	C:\Xilinx\Vivado\2020.2\lib\win64.o\libisl_iostreams.dll
0x00007ffec0320000 - 0x00007ffec033a000 	C:\Xilinx\Vivado\2020.2\lib\win64.o\pthreadVC2.dll
0x00007ffebc590000 - 0x00007ffebc5ac000 	C:\Xilinx\Vivado\2020.2\lib\win64.o\librdiconfig.dll
0x00007ffecaac0000 - 0x00007ffecab1d000 	C:\WINDOWS\System32\SHLWAPI.dll
0x00007ffebc560000 - 0x00007ffebc581000 	C:\Xilinx\Vivado\2020.2\lib\win64.o\librdizlib.dll
0x0000000012000000 - 0x0000000012270000 	C:\Xilinx\Vivado\2020.2\lib\win64.o\xerces-c_3_1.dll
0x00007ffeb9b30000 - 0x00007ffeb9b49000 	C:\WINDOWS\SYSTEM32\NETAPI32.dll
0x00007ffec29b0000 - 0x00007ffec2abc000 	C:\WINDOWS\SYSTEM32\WINHTTP.dll
0x00007ffeb9fc0000 - 0x00007ffeba4ba000 	C:\WINDOWS\SYSTEM32\WININET.dll
0x00007ffec2500000 - 0x00007ffec26ee000 	C:\WINDOWS\SYSTEM32\urlmon.dll
0x00007ffeaf310000 - 0x00007ffeaf319000 	C:\WINDOWS\SYSTEM32\WSOCK32.dll
0x00007ffebaaa0000 - 0x00007ffebaacd000 	C:\WINDOWS\SYSTEM32\VCOMP140.DLL
0x00007ffe592d0000 - 0x00007ffe5b1e7000 	C:\Xilinx\Vivado\2020.2\lib\win64.o\gurobi90.dll
0x00007ffec82d0000 - 0x00007ffec8432000 	C:\WINDOWS\System32\CRYPT32.dll
0x00007ffeca980000 - 0x00007ffeca9d6000 	C:\WINDOWS\System32\WLDAP32.dll
0x00007ffecaab0000 - 0x00007ffecaab8000 	C:\WINDOWS\System32\Normaliz.dll
0x00007ffea0cf0000 - 0x00007ffea0fcb000 	C:\Xilinx\Vivado\2020.2\lib\win64.o\libXil_lmgr11.dll
0x00007ffec7a30000 - 0x00007ffec7a57000 	C:\WINDOWS\SYSTEM32\bcrypt.dll
0x00007ffeca770000 - 0x00007ffeca85c000 	C:\WINDOWS\System32\COMDLG32.dll
0x00007ffec9580000 - 0x00007ffec98f8000 	C:\WINDOWS\System32\combase.dll
0x00007ffec9a20000 - 0x00007ffec9b0a000 	C:\WINDOWS\System32\shcore.dll
0x00007ffebd050000 - 0x00007ffebd05c000 	C:\Xilinx\Vivado\2020.2\lib\win64.o\libboost_chrono.dll
0x00007ffebac60000 - 0x00007ffebac76000 	C:\Xilinx\Vivado\2020.2\lib\win64.o\libboost_iostreams.dll
0x00007ffeb5020000 - 0x00007ffeb5043000 	C:\Xilinx\Vivado\2020.2\lib\win64.o\libisl_iosutils.dll
0x00007ffeca220000 - 0x00007ffeca2f6000 	C:\WINDOWS\System32\OLEAUT32.dll
0x00007ffec9fa0000 - 0x00007ffeca13a000 	C:\WINDOWS\System32\ole32.dll
0x00007ffec8260000 - 0x00007ffec82c6000 	C:\WINDOWS\System32\WINTRUST.dll
0x00007ffec2240000 - 0x00007ffec24f2000 	C:\WINDOWS\SYSTEM32\iertutil.dll
0x00007ffec2210000 - 0x00007ffec2238000 	C:\WINDOWS\SYSTEM32\srvcli.dll
0x00007ffec6c70000 - 0x00007ffec6c7c000 	C:\WINDOWS\SYSTEM32\netutils.dll
0x00007ffec0650000 - 0x00007ffec0702000 	C:\WINDOWS\WinSxS\amd64_microsoft.windows.common-controls_6595b64144ccf1df_5.82.22000.1_none_271a8fad6a2d1b1e\COMCTL32.dll
0x00007ffec3040000 - 0x00007ffec305e000 	C:\WINDOWS\SYSTEM32\dhcpcsvc.DLL
0x00007ffec7670000 - 0x00007ffec76d7000 	C:\WINDOWS\SYSTEM32\MSWSOCK.DLL
0x00007ffec9bd0000 - 0x00007ffec9c01000 	C:\WINDOWS\System32\IMM32.DLL
0x00007ffec7910000 - 0x00007ffec7922000 	C:\WINDOWS\SYSTEM32\MSASN1.dll
0x00007ffec7240000 - 0x00007ffec7258000 	C:\WINDOWS\SYSTEM32\kernel.appcore.dll
0x00007ffe62a80000 - 0x00007ffe62fa2000 	C:\Xilinx\Vivado\2020.2\lib\win64.o\librdi_commontasks.dll
0x00007ffec1cd0000 - 0x00007ffec1cda000 	C:\WINDOWS\SYSTEM32\VERSION.dll
0x00007ffe587a0000 - 0x00007ffe592c3000 	C:\Xilinx\Vivado\2020.2\tps\win64\jre11.0.2\bin\server\jvm.dll
0x00007ffe901f0000 - 0x00007ffe904c5000 	C:\Xilinx\Vivado\2020.2\lib\win64.o\librdi_sio.dll
0x00007ffec9e50000 - 0x00007ffec9e58000 	C:\WINDOWS\System32\PSAPI.DLL
0x00007ffec6d80000 - 0x00007ffec6dad000 	C:\WINDOWS\SYSTEM32\IPHLPAPI.DLL
0x00007ffec2c40000 - 0x00007ffec2c73000 	C:\WINDOWS\SYSTEM32\WINMM.dll
0x00007ffec61c0000 - 0x00007ffec6a27000 	C:\WINDOWS\SYSTEM32\windows.storage.dll
0x00007ffec6050000 - 0x00007ffec61b6000 	C:\WINDOWS\SYSTEM32\wintypes.dll
0x00007ffe55ce0000 - 0x00007ffe5879e000 	C:\Xilinx\Vivado\2020.2\lib\win64.o\librdi_tcltasks.dll
0x00007ffe82480000 - 0x00007ffe82926000 	C:\Xilinx\Vivado\2020.2\lib\win64.o\librdi_bitstream.dll
0x00007ffeab240000 - 0x00007ffeab2be000 	C:\Xilinx\Vivado\2020.2\lib\win64.o\librdi_boarddep.dll
0x00007ffea1270000 - 0x00007ffea1366000 	C:\Xilinx\Vivado\2020.2\lib\win64.o\librdi_chipscope.dll
0x00007ffea1ca0000 - 0x00007ffea1e53000 	C:\Xilinx\Vivado\2020.2\lib\win64.o\librdi_board.dll
0x00007ffe90c50000 - 0x00007ffe90db1000 	C:\Xilinx\Vivado\2020.2\lib\win64.o\librdi_containers.dll
0x00007ffe53eb0000 - 0x00007ffe55cdc000 	C:\Xilinx\Vivado\2020.2\lib\win64.o\librdi_constraints.dll
0x00007ffe916f0000 - 0x00007ffe918da000 	C:\Xilinx\Vivado\2020.2\lib\win64.o\librdi_chipscopeimpl.dll
0x00007ffe38070000 - 0x00007ffe3a42d000 	C:\Xilinx\Vivado\2020.2\lib\win64.o\librdi_coregen.dll
0x00007ffe61350000 - 0x00007ffe61a68000 	C:\Xilinx\Vivado\2020.2\lib\win64.o\librdi_coregenipxact.dll
0x00007ffe41740000 - 0x00007ffe434a1000 	C:\Xilinx\Vivado\2020.2\lib\win64.o\librdi_designutils.dll
0x00007ffe66ee0000 - 0x00007ffe67248000 	C:\Xilinx\Vivado\2020.2\lib\win64.o\librdi_dlyest.dll
0x00007ffe53850000 - 0x00007ffe53ead000 	C:\Xilinx\Vivado\2020.2\lib\win64.o\librdi_drc.dll
0x00007ffea1b40000 - 0x00007ffea1bf3000 	C:\Xilinx\Vivado\2020.2\lib\win64.o\librdi_dsp.dll
0x00007ffe52a80000 - 0x00007ffe53142000 	C:\Xilinx\Vivado\2020.2\lib\win64.o\librdi_filemgmt.dll
0x00007ffe62760000 - 0x00007ffe62a7d000 	C:\Xilinx\Vivado\2020.2\lib\win64.o\librdi_guitools.dll
0x00007ffea5970000 - 0x00007ffea59db000 	C:\Xilinx\Vivado\2020.2\lib\win64.o\librdi_hdf.dll
0x00007ffe90800000 - 0x00007ffe90a77000 	C:\Xilinx\Vivado\2020.2\lib\win64.o\librdi_hip_devdesign.dll
0x00007ffea1120000 - 0x00007ffea1267000 	C:\Xilinx\Vivado\2020.2\lib\win64.o\librdi_hip_perf_analysis.dll
0x00007ffe1deb0000 - 0x00007ffe1fa84000 	C:\Xilinx\Vivado\2020.2\lib\win64.o\librdi_implflow.dll
0x00007ffe45520000 - 0x00007ffe45b6c000 	C:\Xilinx\Vivado\2020.2\lib\win64.o\librdi_memdata.dll
0x00007ffea01c0000 - 0x00007ffea0232000 	C:\Xilinx\Vivado\2020.2\lib\win64.o\librdi_memoryarray.dll
0x00007ffe44df0000 - 0x00007ffe4551c000 	C:\Xilinx\Vivado\2020.2\lib\win64.o\librdi_netlist.dll
0x00007ffea6060000 - 0x00007ffea60b4000 	C:\Xilinx\Vivado\2020.2\lib\win64.o\librdi_pfi.dll
0x00007ffe1ba60000 - 0x00007ffe1dea4000 	C:\Xilinx\Vivado\2020.2\lib\win64.o\librdi_mig.dll
0x00007ffe1fa90000 - 0x00007ffe3806f000 	C:\Xilinx\Vivado\2020.2\lib\win64.o\librdi_device.dll
0x00007ffe18850000 - 0x00007ffe1ba57000 	C:\Xilinx\Vivado\2020.2\lib\win64.o\librdi_place.dll
0x00007ffe445d0000 - 0x00007ffe44de7000 	C:\Xilinx\Vivado\2020.2\lib\win64.o\librdi_power.dll
0x00007ffe5dfb0000 - 0x00007ffe5e34e000 	C:\Xilinx\Vivado\2020.2\lib\win64.o\librdi_platform.dll
0x00007ffe17290000 - 0x00007ffe17a9c000 	C:\Xilinx\Vivado\2020.2\lib\win64.o\librdi_rsb.dll
0x00007ffe181d0000 - 0x00007ffe18844000 	C:\Xilinx\Vivado\2020.2\lib\win64.o\librdi_project.dll
0x00007ffe90b40000 - 0x00007ffe90c49000 	C:\Xilinx\Vivado\2020.2\lib\win64.o\librdi_runsbase.dll
0x00007ffe53320000 - 0x00007ffe5384b000 	C:\Xilinx\Vivado\2020.2\lib\win64.o\librdi_runs.dll
0x00007ffe17aa0000 - 0x00007ffe181c2000 	C:\Xilinx\Vivado\2020.2\lib\win64.o\librdi_psta.dll
0x00007ffe16300000 - 0x00007ffe17281000 	C:\Xilinx\Vivado\2020.2\lib\win64.o\librdi_timing.dll
0x00007ffe905d0000 - 0x00007ffe90677000 	C:\Xilinx\Vivado\2020.2\lib\win64.o\librdi_xhubtasks.dll
0x00007ffe8dbf0000 - 0x00007ffe8dd06000 	C:\Xilinx\Vivado\2020.2\lib\win64.o\librdi_xhub.dll
0x00007ffe76450000 - 0x00007ffe766c4000 	C:\Xilinx\Vivado\2020.2\lib\win64.o\librdi_simdata.dll
0x00007ffe6d810000 - 0x00007ffe6d9fb000 	C:\Xilinx\Vivado\2020.2\lib\win64.o\librdi_advchipscopeimpl.dll
0x00007ffeb00f0000 - 0x00007ffeb0137000 	C:\Xilinx\Vivado\2020.2\lib\win64.o\libboost_serialization.dll
0x00007ffe89360000 - 0x00007ffe8944b000 	C:\Xilinx\Vivado\2020.2\lib\win64.o\librdi_ipconfig_readwrite.dll
0x00007ffe9fa40000 - 0x00007ffe9faaa000 	C:\Xilinx\Vivado\2020.2\lib\win64.o\librdi_noc_frameworks.dll
0x00007ffea8e30000 - 0x00007ffea8e76000 	C:\Xilinx\Vivado\2020.2\lib\win64.o\libboost_graph.dll
0x00007ffe836c0000 - 0x00007ffe83786000 	C:\Xilinx\Vivado\2020.2\lib\win64.o\librdi_bda.dll
0x00007ffe15b90000 - 0x00007ffe162f7000 	C:\Xilinx\Vivado\2020.2\lib\win64.o\librdi_ippcw.dll
0x00007ffe15030000 - 0x00007ffe15b86000 	C:\Xilinx\Vivado\2020.2\lib\win64.o\libverific.dll

dbghelp: loaded successfully - version: 4.0.5 - missing functions: none
symbol engine: initialized successfully - sym options: 0x614 - pdb path: .;C:\Xilinx\Vivado\2020.2\bin\unwrapped\win64.o;C:\WINDOWS\SYSTEM32;C:\Xilinx\Vivado\2020.2\lib\win64.o;C:\WINDOWS\WinSxS\amd64_microsoft.windows.common-controls_6595b64144ccf1df_5.82.22000.1_none_271a8fad6a2d1b1e;C:\Xilinx\Vivado\2020.2\tps\win64\jre11.0.2\bin\server;C:\Xilinx\Vivado\2020.2\tps\win64\python-3.8.3;C:\Xilinx\Vivado\2020.2\tps\win64\jre11.0.2\bin;C:\WINDOWS\WinSxS\amd64_microsoft.windows.common-controls_6595b64144ccf1df_6.0.22000.120_none_9d947278b86cc467

VM Arguments:
jvm_args: -Dsun.java2d.pmoffscreen=false -Dhttps.protocols=TLSv1,TLSv1.1,TLSv1.2 -Dsun.java2d.xrender=false -Dsun.java2d.d3d=false -Dsun.awt.nopixfmt=true -Dsun.java2d.dpiaware=true -Dsun.java2d.uiScale.enabled=false -Xverify:none -Dswing.aatext=true -XX:-UsePerfData -Djdk.map.althashing.threshold=512 -XX:StringTableSize=4072 --add-opens=java.base/java.nio=ALL-UNNAMED --add-opens=java.desktop/sun.swing=ALL-UNNAMED --add-opens=java.desktop/javax.swing=ALL-UNNAMED --add-opens=java.desktop/javax.swing.tree=ALL-UNNAMED --add-opens=java.desktop/javax.swing.plaf.basic=ALL-UNNAMED --add-opens=java.desktop/javax.swing.plaf.synth=ALL-UNNAMED --add-opens=java.desktop/com.sun.awt=ALL-UNNAMED -XX:NewSize=60m -XX:MaxNewSize=60m -Xms128m -Xmx3072m -Xss5m 
java_command: <unknown>
java_class_path (initial): C:/Xilinx/Vivado/2020.2\lib\classes\alloy.jar;C:/Xilinx/Vivado/2020.2\lib\classes\ArchiveSummary.jar;C:/Xilinx/Vivado/2020.2\lib\classes\autoesl-models.jar;C:/Xilinx/Vivado/2020.2\lib\classes\autopilot.scelaborator.jar;C:/Xilinx/Vivado/2020.2\lib\classes\autopilot.sourceprocessor.jar;C:/Xilinx/Vivado/2020.2\lib\classes\autopilot.tbprocessor.jar;C:/Xilinx/Vivado/2020.2\lib\classes\batik-anim.jar;C:/Xilinx/Vivado/2020.2\lib\classes\batik-awt-util.jar;C:/Xilinx/Vivado/2020.2\lib\classes\batik-bridge.jar;C:/Xilinx/Vivado/2020.2\lib\classes\batik-codec.jar;C:/Xilinx/Vivado/2020.2\lib\classes\batik-css.jar;C:/Xilinx/Vivado/2020.2\lib\classes\batik-dom.jar;C:/Xilinx/Vivado/2020.2\lib\classes\batik-ext.jar;C:/Xilinx/Vivado/2020.2\lib\classes\batik-gui-util.jar;C:/Xilinx/Vivado/2020.2\lib\classes\batik-gvt.jar;C:/Xilinx/Vivado/2020.2\lib\classes\batik-parser.jar;C:/Xilinx/Vivado/2020.2\lib\classes\batik-script.jar;C:/Xilinx/Vivado/2020.2\lib\classes\batik-svg-dom.jar;C:/Xilinx/Vivado/2020.2\lib\classes\batik-swing.jar;C:/Xilinx/Vivado/2020.2\lib\classes\batik-transcoder.jar;C:/Xilinx/Vivado/2020.2\lib\classes\batik-util.jar;C:/Xilinx/Vivado/2020.2\lib\classes\batik-xml.jar;C:/Xilinx/Vivado/2020.2\lib\classes\com.google.gson_2.8.2.v20180104-1110.jar;C:/Xilinx/Vivado/2020.2\lib\classes\com.google.guava_27.1.0.v20190517-1946.jar;C:/Xilinx/Vivado/2020.2\lib\classes\com.ibm.icu_4.4.2.v20110208.jar;C:/Xilinx/Vivado/2020.2\lib\classes\com.sigasi.hdt.connection_4.9.0.202009050929.jar;C:/Xilinx/Vivado/2020.2\lib\classes\com.sigasi.hdt.epl_4.9.0.202009050929.jar;C:/Xilinx/Vivado/2020.2\lib\classes\com.sigasi.hdt.project_4.9.0.202009050929.jar;C:/Xilinx/Vivado/2020.2\lib\classes\com.sigasi.hdt.readonlyfilesystem_4.9.0.202009050929.jar;C:/Xilinx/Vivado/2020.2\lib\classes\com.sigasi.lcm_4.9.0.202009050929.jar;C:/Xilinx/Vivado/2020.2\lib\classes\com.sigasi.sdk.client_4.9.0.202009050929.jar;C:/Xilinx/Vivado/2020.2\lib\classes\com.xilinx.hls.services.jar;C:/Xili
Launcher Type: generic

[Global flags]
     bool BytecodeVerificationLocal                = false                                     {product} {command line}
     bool BytecodeVerificationRemote               = false                                     {product} {command line}
     intx CICompilerCount                          = 4                                         {product} {ergonomic}
     uint ConcGCThreads                            = 3                                         {product} {ergonomic}
     uint G1ConcRefinementThreads                  = 10                                        {product} {ergonomic}
   size_t G1HeapRegionSize                         = 1048576                                   {product} {ergonomic}
    uintx GCDrainStackTargetSize                   = 64                                        {product} {ergonomic}
   size_t InitialHeapSize                          = 134217728                                 {product} {command line}
   size_t MarkStackSize                            = 4194304                                   {product} {ergonomic}
   size_t MaxHeapSize                              = 3221225472                                {product} {command line}
   size_t MaxNewSize                               = 62914560                                  {product} {command line}
   size_t MinHeapDeltaBytes                        = 1048576                                   {product} {ergonomic}
   size_t NewSize                                  = 62914560                                  {product} {command line}
    uintx NonNMethodCodeHeapSize                   = 5835340                                {pd product} {ergonomic}
    uintx NonProfiledCodeHeapSize                  = 122911450                              {pd product} {ergonomic}
    uintx ProfiledCodeHeapSize                     = 122911450                              {pd product} {ergonomic}
    uintx ReservedCodeCacheSize                    = 251658240                              {pd product} {ergonomic}
     bool SegmentedCodeCache                       = true                                      {product} {ergonomic}
    uintx StringTableSize                          = 4072                                      {product} {command line}
     intx ThreadStackSize                          = 5120                                   {pd product} {command line}
     bool UseCompressedClassPointers               = true                                 {lp64_product} {ergonomic}
     bool UseCompressedOops                        = true                                 {lp64_product} {ergonomic}
     bool UseG1GC                                  = true                                      {product} {ergonomic}
     bool UseLargePagesIndividualAllocation        = false                                  {pd product} {ergonomic}
     bool UsePerfData                              = false                                     {product} {command line}

Logging:
Log output configuration:
 #0: stdout all=warning uptime,level,tags
 #1: stderr all=off uptime,level,tags

Environment Variables:
PATH=C:/Xilinx/Vivado/2020.2\gnuwin\bin;C:/Xilinx/Vivado/2020.2\gnu\microblaze\nt\bin;C:/Xilinx/Vivado/2020.2/bin;C:/Xilinx/Vivado/2020.2/tps/win64/javafx-sdk-11.0.2/lib;C:/Xilinx/Vivado/2020.2/tps/win64/javafx-sdk-11.0.2/bin;C:/Xilinx/Vivado/2020.2/lib/win64.o;C:/Xilinx/Vivado/2020.2/tps/win64/jre11.0.2/bin/server;C:/Xilinx/Vivado/2020.2/tps/win64/jre11.0.2/bin;C:/Xilinx/Vivado/2020.2/ids_lite/ISE/bin/nt64;C:/Xilinx/Vivado/2020.2/ids_lite/ISE/lib/nt64;C:/Xilinx/Vitis_HLS/2020.2/bin;C:\Program Files (x86)\Common Files\Oracle\Java\javapath;C:\Program Files (x86)\Razer Chroma SDK\bin;C:\Program Files\Razer Chroma SDK\bin;C:\Program Files (x86)\Intel\Intel(R) Management Engine Components\iCLS\;C:\Program Files\Intel\Intel(R) Management Engine Components\iCLS\;C:\Windows\system32;C:\Windows;C:\Windows\System32\Wbem;C:\Windows\System32\WindowsPowerShell\v1.0\;C:\Windows\System32\OpenSSH\;C:\Program Files (x86)\Intel\Intel(R) Management Engine Components\DAL;C:\Program Files\Intel\Intel(R) Management Engine Components\DAL;C:\Users\Administrator\AppData\Local\Microsoft\WindowsApps;C:\Program Files\Git\cmd;C:\Program Files\NVIDIA Corporation\NVIDIA NvDLISR;C:\Program Files (x86)\NVIDIA Corporation\PhysX\Common;C:\Program Files\dotnet\;C:\Users\seppl\AppData\Local\Microsoft\WindowsApps;C:\Users\seppl\AppData\Local\Programs\Microsoft VS Code\bin;C:\Users\seppl\.dotnet\tools;C:\Users\seppl\AppData\Local\GitHubDesktop\bin;C:/Xilinx/Vivado/2020.2\tps\mingw\6.2.0\win64.o\nt\bin;C:/Xilinx/Vivado/2020.2\tps\mingw\6.2.0\win64.o\nt\libexec\gcc\x86_64-w64-mingw32\6.2.0;C:/Xilinx/Vivado/2020.2\tps\win64\python-3.8.3;C:/Xilinx/Vivado/2020.2\tps\win64\python-3.8.3\bin;C:/Xilinx/Vivado/2020.2\tps\win64\python-3.8.3\lib;C:/Xilinx/Vivado/2020.2\tps\win64\python-3.8.3\lib\site-packages
USERNAME=seppl
OS=Windows_NT
PROCESSOR_IDENTIFIER=Intel64 Family 6 Model 158 Stepping 10, GenuineIntel



---------------  S Y S T E M  ---------------

OS: Windows 10 , 64 bit Build 22000 (10.0.22000.434)

CPU:total 12 (initial active 12) (6 cores per cpu, 2 threads per core) family 6 model 158 stepping 10, cmov, cx8, fxsr, mmx, sse, sse2, sse3, ssse3, sse4.1, sse4.2, popcnt, avx, avx2, aes, clmul, erms, 3dnowpref, lzcnt, ht, tsc, tscinvbit, bmi1, bmi2, adx, fma

Memory: 4k page, system-wide physical 16278M (8421M free)
TotalPageFile size 22422M (AvailPageFile size 10303M)
current process WorkingSet (physical memory assigned to process): 1141M, peak: 1182M
current process commit charge ("private bytes"): 1149M, peak: 1773M

vm_info: OpenJDK 64-Bit Server VM (11.0.2+9) for windows-amd64 JRE (11.0.2+9), built on Jan 18 2019 05:23:22 by "mach5one" with MS VC++ 15.5 (VS2017)

END.
