INFO: [VRFC 10-2263] Analyzing Verilog file "C:/Users/seppl/assignment_1_2/assignment_1_2.srcs/sources_1/imports/assignment_1_2.srcs/sources_1/imports/seppl/multiplier/multiplier.srcs/sources_1/imports/imports/Downloads/FSM_Template v1_00.v" into library xil_defaultlib
INFO: [VRFC 10-311] analyzing module fsm_template
INFO: [VRFC 10-2263] Analyzing Verilog file "C:/Users/seppl/assignment_1_2/assignment_1_2.srcs/sources_1/imports/assignment_1_2.srcs/sources_1/imports/Vivado Sources/univ_sseg_v1_05.v" into library xil_defaultlib
INFO: [VRFC 10-311] analyzing module univ_sseg
INFO: [VRFC 10-2458] undeclared symbol sclk, assumed default net type wire [C:/Users/seppl/assignment_1_2/assignment_1_2.srcs/sources_1/imports/assignment_1_2.srcs/sources_1/imports/Vivado Sources/univ_sseg_v1_05.v:120]
INFO: [VRFC 10-311] analyzing module clk_divder
INFO: [VRFC 10-311] analyzing module cnt_convert_14b
INFO: [VRFC 10-311] analyzing module cnt_convert_7b
INFO: [VRFC 10-2263] Analyzing SystemVerilog file "C:/Users/seppl/assignment_1_2/assignment_1_2.srcs/sources_1/new/RAM_Accumulator.sv" into library xil_defaultlib
INFO: [VRFC 10-311] analyzing module RAM_Accumulator
INFO: [VRFC 10-2458] undeclared symbol co, assumed default net type wire [C:/Users/seppl/assignment_1_2/assignment_1_2.srcs/sources_1/new/RAM_Accumulator.sv:45]
INFO: [VRFC 10-2458] undeclared symbol ld, assumed default net type wire [C:/Users/seppl/assignment_1_2/assignment_1_2.srcs/sources_1/new/RAM_Accumulator.sv:47]
INFO: [VRFC 10-2458] undeclared symbol cclr, assumed default net type wire [C:/Users/seppl/assignment_1_2/assignment_1_2.srcs/sources_1/new/RAM_Accumulator.sv:48]
INFO: [VRFC 10-2458] undeclared symbol rclr, assumed default net type wire [C:/Users/seppl/assignment_1_2/assignment_1_2.srcs/sources_1/new/RAM_Accumulator.sv:49]
INFO: [VRFC 10-2263] Analyzing SystemVerilog file "C:/Users/seppl/assignment_1_2/assignment_1_2.srcs/sources_1/imports/assignment_1_2.srcs/sources_1/imports/seppl/Documents/GitHub/cpe233_assignment_1/support_srcs/counter.sv" into library xil_defaultlib
INFO: [VRFC 10-311] analyzing module cntr_udclr_nb
INFO: [VRFC 10-2263] Analyzing SystemVerilog file "C:/Users/seppl/assignment_1_2/assignment_1_2.srcs/sources_1/imports/assignment_1_2.srcs/sources_1/imports/seppl/Documents/GitHub/cpe233_assignment_1/support_srcs/rca.sv" into library xil_defaultlib
INFO: [VRFC 10-311] analyzing module rca_nb
WARNING: [VRFC 10-3380] identifier 'n' is used before its declaration [C:/Users/seppl/assignment_1_2/assignment_1_2.srcs/sources_1/imports/assignment_1_2.srcs/sources_1/imports/seppl/Documents/GitHub/cpe233_assignment_1/support_srcs/rca.sv:33]
WARNING: [VRFC 10-3380] identifier 'n' is used before its declaration [C:/Users/seppl/assignment_1_2/assignment_1_2.srcs/sources_1/imports/assignment_1_2.srcs/sources_1/imports/seppl/Documents/GitHub/cpe233_assignment_1/support_srcs/rca.sv:35]
INFO: [VRFC 10-2263] Analyzing SystemVerilog file "C:/Users/seppl/assignment_1_2/assignment_1_2.srcs/sources_1/imports/assignment_1_2.srcs/sources_1/imports/seppl/Documents/GitHub/cpe233_assignment_1/support_srcs/rom.sv" into library xil_defaultlib
INFO: [VRFC 10-311] analyzing module Rom_16x8
